2022-06-10 14:13:20,258 INFO org.springframework.data.repository.config.RepositoryConfigurationDelegate [main] Multiple Spring Data modules found, entering strict repository configuration mode!
2022-06-10 14:13:20,266 INFO org.springframework.data.repository.config.RepositoryConfigurationDelegate [main] Bootstrapping Spring Data MongoDB repositories in DEFAULT mode.
2022-06-10 14:13:20,704 INFO org.springframework.data.repository.config.RepositoryConfigurationDelegate [main] Finished Spring Data repository scanning in 401 ms. Found 6 MongoDB repository interfaces.
2022-06-10 14:13:21,491 INFO org.springframework.cloud.context.scope.GenericScope [main] BeanFactory id=d3d5688a-d7bf-3989-ba37-7f08a363e04e
2022-06-10 14:13:24,274 INFO org.springframework.boot.web.embedded.tomcat.TomcatWebServer [main] Tomcat initialized with port(s): 8140 (http)
2022-06-10 14:13:24,315 INFO org.apache.juli.logging.DirectJDKLog [main] Initializing ProtocolHandler ["http-nio-8140"]
2022-06-10 14:13:24,321 INFO org.apache.juli.logging.DirectJDKLog [main] Starting service [Tomcat]
2022-06-10 14:13:24,322 INFO org.apache.juli.logging.DirectJDKLog [main] Starting Servlet engine: [Apache Tomcat/9.0.62]
2022-06-10 14:13:25,179 INFO org.apache.juli.logging.DirectJDKLog [main] Initializing Spring embedded WebApplicationContext
2022-06-10 14:13:25,187 INFO org.springframework.boot.web.servlet.context.ServletWebServerApplicationContext [main] Root WebApplicationContext: initialization completed in 7424 ms
2022-06-10 14:13:25,870 INFO com.mongodb.diagnostics.logging.SLF4JLogger [main] Cluster created with settings {hosts=[cluster0-shard-00-00.99s2u.mongodb.net:27017, cluster0-shard-00-01.99s2u.mongodb.net:27017, cluster0-shard-00-02.99s2u.mongodb.net:27017], mode=MULTIPLE, requiredClusterType=REPLICA_SET, serverSelectionTimeout='30000 ms', requiredReplicaSetName='atlas-hq9yf6-shard-0'}
2022-06-10 14:13:25,872 INFO com.mongodb.diagnostics.logging.SLF4JLogger [main] Adding discovered server cluster0-shard-00-00.99s2u.mongodb.net:27017 to client view of cluster
2022-06-10 14:13:25,979 INFO com.mongodb.diagnostics.logging.SLF4JLogger [main] Adding discovered server cluster0-shard-00-01.99s2u.mongodb.net:27017 to client view of cluster
2022-06-10 14:13:25,985 INFO com.mongodb.diagnostics.logging.SLF4JLogger [main] Adding discovered server cluster0-shard-00-02.99s2u.mongodb.net:27017 to client view of cluster
2022-06-10 14:13:26,626 WARN org.springframework.data.convert.CustomConversions [main] Registering converter from class java.time.LocalDateTime to class org.joda.time.LocalDateTime as reading converter although it doesn't convert from a store-supported type! You might want to check your annotation setup at the converter implementation.
2022-06-10 14:13:27,493 WARN org.springframework.data.convert.CustomConversions [main] Registering converter from class java.time.LocalDateTime to class org.joda.time.LocalDateTime as reading converter although it doesn't convert from a store-supported type! You might want to check your annotation setup at the converter implementation.
2022-06-10 14:13:30,491 INFO com.mongodb.diagnostics.logging.SLF4JLogger [cluster-ClusterId{value='62a335651e748f6eddcaccac', description='null'}-cluster0-shard-00-00.99s2u.mongodb.net:27017] Opened connection [connectionId{localValue:2, serverValue:410983}] to cluster0-shard-00-00.99s2u.mongodb.net:27017
2022-06-10 14:13:30,491 INFO com.mongodb.diagnostics.logging.SLF4JLogger [cluster-rtt-ClusterId{value='62a335651e748f6eddcaccac', description='null'}-cluster0-shard-00-01.99s2u.mongodb.net:27017] Opened connection [connectionId{localValue:5, serverValue:409196}] to cluster0-shard-00-01.99s2u.mongodb.net:27017
2022-06-10 14:13:30,492 INFO com.mongodb.diagnostics.logging.SLF4JLogger [cluster-ClusterId{value='62a335651e748f6eddcaccac', description='null'}-cluster0-shard-00-00.99s2u.mongodb.net:27017] Monitor thread successfully connected to server with description ServerDescription{address=cluster0-shard-00-00.99s2u.mongodb.net:27017, type=REPLICA_SET_SECONDARY, state=CONNECTED, ok=true, minWireVersion=0, maxWireVersion=13, maxDocumentSize=16777216, logicalSessionTimeoutMinutes=30, roundTripTimeNanos=721984100, setName='atlas-hq9yf6-shard-0', canonicalAddress=cluster0-shard-00-00.99s2u.mongodb.net:27017, hosts=[cluster0-shard-00-02.99s2u.mongodb.net:27017, cluster0-shard-00-01.99s2u.mongodb.net:27017, cluster0-shard-00-00.99s2u.mongodb.net:27017], passives=[], arbiters=[], primary='cluster0-shard-00-02.99s2u.mongodb.net:27017', tagSet=TagSet{[Tag{name='nodeType', value='ELECTABLE'}, Tag{name='provider', value='AWS'}, Tag{name='region', value='EU_CENTRAL_1'}, Tag{name='workloadType', value='OPERATIONAL'}]}, electionId=null, setVersion=7, topologyVersion=TopologyVersion{processId=629fc8f6546dbe0b6ee8c7a5, counter=4}, lastWriteDate=Fri Jun 10 14:13:29 CEST 2022, lastUpdateTimeNanos=2088841142203600}
2022-06-10 14:13:30,495 INFO com.mongodb.diagnostics.logging.SLF4JLogger [cluster-ClusterId{value='62a335651e748f6eddcaccac', description='null'}-cluster0-shard-00-02.99s2u.mongodb.net:27017] Opened connection [connectionId{localValue:3, serverValue:415997}] to cluster0-shard-00-02.99s2u.mongodb.net:27017
2022-06-10 14:13:30,491 INFO com.mongodb.diagnostics.logging.SLF4JLogger [cluster-rtt-ClusterId{value='62a335651e748f6eddcaccac', description='null'}-cluster0-shard-00-00.99s2u.mongodb.net:27017] Opened connection [connectionId{localValue:1, serverValue:410986}] to cluster0-shard-00-00.99s2u.mongodb.net:27017
2022-06-10 14:13:30,497 INFO com.mongodb.diagnostics.logging.SLF4JLogger [cluster-ClusterId{value='62a335651e748f6eddcaccac', description='null'}-cluster0-shard-00-02.99s2u.mongodb.net:27017] Monitor thread successfully connected to server with description ServerDescription{address=cluster0-shard-00-02.99s2u.mongodb.net:27017, type=REPLICA_SET_PRIMARY, state=CONNECTED, ok=true, minWireVersion=0, maxWireVersion=13, maxDocumentSize=16777216, logicalSessionTimeoutMinutes=30, roundTripTimeNanos=720818900, setName='atlas-hq9yf6-shard-0', canonicalAddress=cluster0-shard-00-02.99s2u.mongodb.net:27017, hosts=[cluster0-shard-00-02.99s2u.mongodb.net:27017, cluster0-shard-00-01.99s2u.mongodb.net:27017, cluster0-shard-00-00.99s2u.mongodb.net:27017], passives=[], arbiters=[], primary='cluster0-shard-00-02.99s2u.mongodb.net:27017', tagSet=TagSet{[Tag{name='nodeType', value='ELECTABLE'}, Tag{name='provider', value='AWS'}, Tag{name='region', value='EU_CENTRAL_1'}, Tag{name='workloadType', value='OPERATIONAL'}]}, electionId=7fffffff00000000000000b3, setVersion=7, topologyVersion=TopologyVersion{processId=629fca5663d7af5f1a001e22, counter=6}, lastWriteDate=Fri Jun 10 14:13:29 CEST 2022, lastUpdateTimeNanos=2088841140884300}
2022-06-10 14:13:30,497 INFO com.mongodb.diagnostics.logging.SLF4JLogger [cluster-rtt-ClusterId{value='62a335651e748f6eddcaccac', description='null'}-cluster0-shard-00-02.99s2u.mongodb.net:27017] Opened connection [connectionId{localValue:4, serverValue:415680}] to cluster0-shard-00-02.99s2u.mongodb.net:27017
2022-06-10 14:13:30,497 INFO com.mongodb.diagnostics.logging.SLF4JLogger [cluster-ClusterId{value='62a335651e748f6eddcaccac', description='null'}-cluster0-shard-00-01.99s2u.mongodb.net:27017] Opened connection [connectionId{localValue:6, serverValue:409196}] to cluster0-shard-00-01.99s2u.mongodb.net:27017
2022-06-10 14:13:30,499 INFO com.mongodb.diagnostics.logging.SLF4JLogger [cluster-ClusterId{value='62a335651e748f6eddcaccac', description='null'}-cluster0-shard-00-01.99s2u.mongodb.net:27017] Monitor thread successfully connected to server with description ServerDescription{address=cluster0-shard-00-01.99s2u.mongodb.net:27017, type=REPLICA_SET_SECONDARY, state=CONNECTED, ok=true, minWireVersion=0, maxWireVersion=13, maxDocumentSize=16777216, logicalSessionTimeoutMinutes=30, roundTripTimeNanos=720473100, setName='atlas-hq9yf6-shard-0', canonicalAddress=cluster0-shard-00-01.99s2u.mongodb.net:27017, hosts=[cluster0-shard-00-02.99s2u.mongodb.net:27017, cluster0-shard-00-01.99s2u.mongodb.net:27017, cluster0-shard-00-00.99s2u.mongodb.net:27017], passives=[], arbiters=[], primary='cluster0-shard-00-02.99s2u.mongodb.net:27017', tagSet=TagSet{[Tag{name='nodeType', value='ELECTABLE'}, Tag{name='provider', value='AWS'}, Tag{name='region', value='EU_CENTRAL_1'}, Tag{name='workloadType', value='OPERATIONAL'}]}, electionId=null, setVersion=7, topologyVersion=TopologyVersion{processId=629fcb93fc2c845d6b002c10, counter=3}, lastWriteDate=Fri Jun 10 14:13:29 CEST 2022, lastUpdateTimeNanos=2088841140791200}
2022-06-10 14:13:30,507 INFO com.mongodb.diagnostics.logging.SLF4JLogger [cluster-ClusterId{value='62a335651e748f6eddcaccac', description='null'}-cluster0-shard-00-02.99s2u.mongodb.net:27017] Setting max election id to 7fffffff00000000000000b3 from replica set primary cluster0-shard-00-02.99s2u.mongodb.net:27017
2022-06-10 14:13:30,539 INFO com.mongodb.diagnostics.logging.SLF4JLogger [cluster-ClusterId{value='62a335651e748f6eddcaccac', description='null'}-cluster0-shard-00-02.99s2u.mongodb.net:27017] Setting max set version to 7 from replica set primary cluster0-shard-00-02.99s2u.mongodb.net:27017
2022-06-10 14:13:30,539 INFO com.mongodb.diagnostics.logging.SLF4JLogger [cluster-ClusterId{value='62a335651e748f6eddcaccac', description='null'}-cluster0-shard-00-02.99s2u.mongodb.net:27017] Discovered replica set primary cluster0-shard-00-02.99s2u.mongodb.net:27017
2022-06-10 14:13:34,558 WARN org.springframework.boot.autoconfigure.security.servlet.UserDetailsServiceAutoConfiguration [main] 

Using generated security password: 1d91b07a-7ecf-45cb-86de-e2a5b224d01e

This generated password is for development use only. Your security configuration must be updated before running your application in production.

2022-06-10 14:13:34,960 INFO org.springframework.security.web.DefaultSecurityFilterChain [main] Will secure any request with [org.springframework.security.web.context.request.async.WebAsyncManagerIntegrationFilter@4a50c746, org.springframework.security.web.context.SecurityContextPersistenceFilter@3a296107, org.springframework.security.web.header.HeaderWriterFilter@551be9f6, org.springframework.security.web.authentication.logout.LogoutFilter@6dcab9d9, linkedin.profileservice.config.JwtRequestFilter@4116f66a, org.springframework.security.web.savedrequest.RequestCacheAwareFilter@646cd766, org.springframework.security.web.servletapi.SecurityContextHolderAwareRequestFilter@2faa55bb, org.springframework.security.web.authentication.AnonymousAuthenticationFilter@3709748f, org.springframework.security.web.session.SessionManagementFilter@3c28e5b6, org.springframework.security.web.access.ExceptionTranslationFilter@5eed6dfb]
2022-06-10 14:13:40,941 INFO org.apache.juli.logging.DirectJDKLog [main] Starting ProtocolHandler ["http-nio-8140"]
2022-06-10 14:13:41,030 INFO org.springframework.boot.web.embedded.tomcat.TomcatWebServer [main] Tomcat started on port(s): 8140 (http) with context path ''
2022-06-10 14:16:06,233 INFO org.apache.juli.logging.DirectJDKLog [http-nio-8140-exec-1] Initializing Spring DispatcherServlet 'dispatcherServlet'
2022-06-10 14:16:06,236 INFO org.springframework.web.servlet.FrameworkServlet [http-nio-8140-exec-1] Initializing Servlet 'dispatcherServlet'
2022-06-10 14:16:06,240 INFO org.springframework.web.servlet.FrameworkServlet [http-nio-8140-exec-1] Completed initialization in 3 ms
2022-06-10 14:16:07,653 INFO com.mongodb.diagnostics.logging.SLF4JLogger [http-nio-8140-exec-2] Opened connection [connectionId{localValue:7, serverValue:416337}] to cluster0-shard-00-02.99s2u.mongodb.net:27017
2022-06-10 14:20:54,439 INFO org.springframework.data.repository.config.RepositoryConfigurationDelegate [main] Multiple Spring Data modules found, entering strict repository configuration mode!
2022-06-10 14:20:54,452 INFO org.springframework.data.repository.config.RepositoryConfigurationDelegate [main] Bootstrapping Spring Data MongoDB repositories in DEFAULT mode.
2022-06-10 14:20:54,826 INFO org.springframework.data.repository.config.RepositoryConfigurationDelegate [main] Finished Spring Data repository scanning in 345 ms. Found 6 MongoDB repository interfaces.
2022-06-10 14:20:55,548 INFO org.springframework.cloud.context.scope.GenericScope [main] BeanFactory id=d3d5688a-d7bf-3989-ba37-7f08a363e04e
2022-06-10 14:20:58,050 INFO org.springframework.boot.web.embedded.tomcat.TomcatWebServer [main] Tomcat initialized with port(s): 8140 (http)
2022-06-10 14:20:58,073 INFO org.apache.juli.logging.DirectJDKLog [main] Initializing ProtocolHandler ["http-nio-8140"]
2022-06-10 14:20:58,075 INFO org.apache.juli.logging.DirectJDKLog [main] Starting service [Tomcat]
2022-06-10 14:20:58,075 INFO org.apache.juli.logging.DirectJDKLog [main] Starting Servlet engine: [Apache Tomcat/9.0.62]
2022-06-10 14:20:58,886 INFO org.apache.juli.logging.DirectJDKLog [main] Initializing Spring embedded WebApplicationContext
2022-06-10 14:20:58,887 INFO org.springframework.boot.web.servlet.context.ServletWebServerApplicationContext [main] Root WebApplicationContext: initialization completed in 6854 ms
2022-06-10 14:20:59,551 INFO com.mongodb.diagnostics.logging.SLF4JLogger [main] Cluster created with settings {hosts=[cluster0-shard-00-00.99s2u.mongodb.net:27017, cluster0-shard-00-01.99s2u.mongodb.net:27017, cluster0-shard-00-02.99s2u.mongodb.net:27017], mode=MULTIPLE, requiredClusterType=REPLICA_SET, serverSelectionTimeout='30000 ms', requiredReplicaSetName='atlas-hq9yf6-shard-0'}
2022-06-10 14:20:59,553 INFO com.mongodb.diagnostics.logging.SLF4JLogger [main] Adding discovered server cluster0-shard-00-00.99s2u.mongodb.net:27017 to client view of cluster
2022-06-10 14:20:59,867 INFO com.mongodb.diagnostics.logging.SLF4JLogger [main] Adding discovered server cluster0-shard-00-01.99s2u.mongodb.net:27017 to client view of cluster
2022-06-10 14:20:59,893 INFO com.mongodb.diagnostics.logging.SLF4JLogger [main] Adding discovered server cluster0-shard-00-02.99s2u.mongodb.net:27017 to client view of cluster
2022-06-10 14:21:00,458 WARN org.springframework.data.convert.CustomConversions [main] Registering converter from class java.time.LocalDateTime to class org.joda.time.LocalDateTime as reading converter although it doesn't convert from a store-supported type! You might want to check your annotation setup at the converter implementation.
2022-06-10 14:21:01,162 WARN org.springframework.data.convert.CustomConversions [main] Registering converter from class java.time.LocalDateTime to class org.joda.time.LocalDateTime as reading converter although it doesn't convert from a store-supported type! You might want to check your annotation setup at the converter implementation.
2022-06-10 14:21:03,968 INFO com.mongodb.diagnostics.logging.SLF4JLogger [cluster-ClusterId{value='62a3372b4a3af9481b98262a', description='null'}-cluster0-shard-00-00.99s2u.mongodb.net:27017] Opened connection [connectionId{localValue:1, serverValue:411849}] to cluster0-shard-00-00.99s2u.mongodb.net:27017
2022-06-10 14:21:03,969 INFO com.mongodb.diagnostics.logging.SLF4JLogger [cluster-ClusterId{value='62a3372b4a3af9481b98262a', description='null'}-cluster0-shard-00-01.99s2u.mongodb.net:27017] Opened connection [connectionId{localValue:2, serverValue:410060}] to cluster0-shard-00-01.99s2u.mongodb.net:27017
2022-06-10 14:21:03,969 INFO com.mongodb.diagnostics.logging.SLF4JLogger [cluster-rtt-ClusterId{value='62a3372b4a3af9481b98262a', description='null'}-cluster0-shard-00-02.99s2u.mongodb.net:27017] Opened connection [connectionId{localValue:4, serverValue:416774}] to cluster0-shard-00-02.99s2u.mongodb.net:27017
2022-06-10 14:21:03,970 INFO com.mongodb.diagnostics.logging.SLF4JLogger [cluster-rtt-ClusterId{value='62a3372b4a3af9481b98262a', description='null'}-cluster0-shard-00-01.99s2u.mongodb.net:27017] Opened connection [connectionId{localValue:5, serverValue:410060}] to cluster0-shard-00-01.99s2u.mongodb.net:27017
2022-06-10 14:21:03,969 INFO com.mongodb.diagnostics.logging.SLF4JLogger [cluster-ClusterId{value='62a3372b4a3af9481b98262a', description='null'}-cluster0-shard-00-02.99s2u.mongodb.net:27017] Opened connection [connectionId{localValue:3, serverValue:416774}] to cluster0-shard-00-02.99s2u.mongodb.net:27017
2022-06-10 14:21:03,969 INFO com.mongodb.diagnostics.logging.SLF4JLogger [cluster-ClusterId{value='62a3372b4a3af9481b98262a', description='null'}-cluster0-shard-00-00.99s2u.mongodb.net:27017] Monitor thread successfully connected to server with description ServerDescription{address=cluster0-shard-00-00.99s2u.mongodb.net:27017, type=REPLICA_SET_SECONDARY, state=CONNECTED, ok=true, minWireVersion=0, maxWireVersion=13, maxDocumentSize=16777216, logicalSessionTimeoutMinutes=30, roundTripTimeNanos=637790700, setName='atlas-hq9yf6-shard-0', canonicalAddress=cluster0-shard-00-00.99s2u.mongodb.net:27017, hosts=[cluster0-shard-00-02.99s2u.mongodb.net:27017, cluster0-shard-00-01.99s2u.mongodb.net:27017, cluster0-shard-00-00.99s2u.mongodb.net:27017], passives=[], arbiters=[], primary='cluster0-shard-00-02.99s2u.mongodb.net:27017', tagSet=TagSet{[Tag{name='nodeType', value='ELECTABLE'}, Tag{name='provider', value='AWS'}, Tag{name='region', value='EU_CENTRAL_1'}, Tag{name='workloadType', value='OPERATIONAL'}]}, electionId=null, setVersion=7, topologyVersion=TopologyVersion{processId=629fc8f6546dbe0b6ee8c7a5, counter=4}, lastWriteDate=Fri Jun 10 14:21:03 CEST 2022, lastUpdateTimeNanos=2089294620796200}
2022-06-10 14:21:03,971 INFO com.mongodb.diagnostics.logging.SLF4JLogger [cluster-rtt-ClusterId{value='62a3372b4a3af9481b98262a', description='null'}-cluster0-shard-00-00.99s2u.mongodb.net:27017] Opened connection [connectionId{localValue:6, serverValue:411849}] to cluster0-shard-00-00.99s2u.mongodb.net:27017
2022-06-10 14:21:03,970 INFO com.mongodb.diagnostics.logging.SLF4JLogger [cluster-ClusterId{value='62a3372b4a3af9481b98262a', description='null'}-cluster0-shard-00-01.99s2u.mongodb.net:27017] Monitor thread successfully connected to server with description ServerDescription{address=cluster0-shard-00-01.99s2u.mongodb.net:27017, type=REPLICA_SET_SECONDARY, state=CONNECTED, ok=true, minWireVersion=0, maxWireVersion=13, maxDocumentSize=16777216, logicalSessionTimeoutMinutes=30, roundTripTimeNanos=639412000, setName='atlas-hq9yf6-shard-0', canonicalAddress=cluster0-shard-00-01.99s2u.mongodb.net:27017, hosts=[cluster0-shard-00-02.99s2u.mongodb.net:27017, cluster0-shard-00-01.99s2u.mongodb.net:27017, cluster0-shard-00-00.99s2u.mongodb.net:27017], passives=[], arbiters=[], primary='cluster0-shard-00-02.99s2u.mongodb.net:27017', tagSet=TagSet{[Tag{name='nodeType', value='ELECTABLE'}, Tag{name='provider', value='AWS'}, Tag{name='region', value='EU_CENTRAL_1'}, Tag{name='workloadType', value='OPERATIONAL'}]}, electionId=null, setVersion=7, topologyVersion=TopologyVersion{processId=629fcb93fc2c845d6b002c10, counter=3}, lastWriteDate=Fri Jun 10 14:21:03 CEST 2022, lastUpdateTimeNanos=2089294622291700}
2022-06-10 14:21:03,977 INFO com.mongodb.diagnostics.logging.SLF4JLogger [cluster-ClusterId{value='62a3372b4a3af9481b98262a', description='null'}-cluster0-shard-00-02.99s2u.mongodb.net:27017] Monitor thread successfully connected to server with description ServerDescription{address=cluster0-shard-00-02.99s2u.mongodb.net:27017, type=REPLICA_SET_PRIMARY, state=CONNECTED, ok=true, minWireVersion=0, maxWireVersion=13, maxDocumentSize=16777216, logicalSessionTimeoutMinutes=30, roundTripTimeNanos=639469700, setName='atlas-hq9yf6-shard-0', canonicalAddress=cluster0-shard-00-02.99s2u.mongodb.net:27017, hosts=[cluster0-shard-00-02.99s2u.mongodb.net:27017, cluster0-shard-00-01.99s2u.mongodb.net:27017, cluster0-shard-00-00.99s2u.mongodb.net:27017], passives=[], arbiters=[], primary='cluster0-shard-00-02.99s2u.mongodb.net:27017', tagSet=TagSet{[Tag{name='nodeType', value='ELECTABLE'}, Tag{name='provider', value='AWS'}, Tag{name='region', value='EU_CENTRAL_1'}, Tag{name='workloadType', value='OPERATIONAL'}]}, electionId=7fffffff00000000000000b3, setVersion=7, topologyVersion=TopologyVersion{processId=629fca5663d7af5f1a001e22, counter=6}, lastWriteDate=Fri Jun 10 14:21:03 CEST 2022, lastUpdateTimeNanos=2089294622303500}
2022-06-10 14:21:03,994 INFO com.mongodb.diagnostics.logging.SLF4JLogger [cluster-ClusterId{value='62a3372b4a3af9481b98262a', description='null'}-cluster0-shard-00-02.99s2u.mongodb.net:27017] Setting max election id to 7fffffff00000000000000b3 from replica set primary cluster0-shard-00-02.99s2u.mongodb.net:27017
2022-06-10 14:21:03,996 INFO com.mongodb.diagnostics.logging.SLF4JLogger [cluster-ClusterId{value='62a3372b4a3af9481b98262a', description='null'}-cluster0-shard-00-02.99s2u.mongodb.net:27017] Setting max set version to 7 from replica set primary cluster0-shard-00-02.99s2u.mongodb.net:27017
2022-06-10 14:21:03,996 INFO com.mongodb.diagnostics.logging.SLF4JLogger [cluster-ClusterId{value='62a3372b4a3af9481b98262a', description='null'}-cluster0-shard-00-02.99s2u.mongodb.net:27017] Discovered replica set primary cluster0-shard-00-02.99s2u.mongodb.net:27017
2022-06-10 14:21:06,630 WARN org.springframework.boot.autoconfigure.security.servlet.UserDetailsServiceAutoConfiguration [main] 

Using generated security password: 5922d848-507b-4a2b-bb3f-b578c1caf58b

This generated password is for development use only. Your security configuration must be updated before running your application in production.

2022-06-10 14:21:07,224 INFO org.springframework.security.web.DefaultSecurityFilterChain [main] Will secure any request with [org.springframework.security.web.context.request.async.WebAsyncManagerIntegrationFilter@250d440, org.springframework.security.web.context.SecurityContextPersistenceFilter@374c40ba, org.springframework.security.web.header.HeaderWriterFilter@53a50b0a, org.springframework.security.web.authentication.logout.LogoutFilter@7abeabe9, linkedin.profileservice.config.JwtRequestFilter@3cd26422, org.springframework.security.web.savedrequest.RequestCacheAwareFilter@6dcab9d9, org.springframework.security.web.servletapi.SecurityContextHolderAwareRequestFilter@4a50c746, org.springframework.security.web.authentication.AnonymousAuthenticationFilter@76c86567, org.springframework.security.web.session.SessionManagementFilter@2bebd114, org.springframework.security.web.access.ExceptionTranslationFilter@6c742b84]
2022-06-10 14:21:09,957 INFO org.apache.juli.logging.DirectJDKLog [main] Starting ProtocolHandler ["http-nio-8140"]
2022-06-10 14:21:10,054 INFO org.springframework.boot.web.embedded.tomcat.TomcatWebServer [main] Tomcat started on port(s): 8140 (http) with context path ''
2022-06-10 14:21:30,472 INFO org.apache.juli.logging.DirectJDKLog [http-nio-8140-exec-1] Initializing Spring DispatcherServlet 'dispatcherServlet'
2022-06-10 14:21:30,473 INFO org.springframework.web.servlet.FrameworkServlet [http-nio-8140-exec-1] Initializing Servlet 'dispatcherServlet'
2022-06-10 14:21:30,477 INFO org.springframework.web.servlet.FrameworkServlet [http-nio-8140-exec-1] Completed initialization in 2 ms
2022-06-10 14:21:31,917 INFO com.mongodb.diagnostics.logging.SLF4JLogger [http-nio-8140-exec-2] Opened connection [connectionId{localValue:7, serverValue:416960}] to cluster0-shard-00-02.99s2u.mongodb.net:27017
2022-06-10 14:23:57,975 INFO org.springframework.data.repository.config.RepositoryConfigurationDelegate [main] Multiple Spring Data modules found, entering strict repository configuration mode!
2022-06-10 14:23:58,022 INFO org.springframework.data.repository.config.RepositoryConfigurationDelegate [main] Bootstrapping Spring Data MongoDB repositories in DEFAULT mode.
2022-06-10 14:23:58,756 INFO org.springframework.data.repository.config.RepositoryConfigurationDelegate [main] Finished Spring Data repository scanning in 716 ms. Found 6 MongoDB repository interfaces.
2022-06-10 14:24:00,138 INFO org.springframework.cloud.context.scope.GenericScope [main] BeanFactory id=d3d5688a-d7bf-3989-ba37-7f08a363e04e
2022-06-10 14:24:05,036 INFO org.springframework.boot.web.embedded.tomcat.TomcatWebServer [main] Tomcat initialized with port(s): 8140 (http)
2022-06-10 14:24:05,076 INFO org.apache.juli.logging.DirectJDKLog [main] Initializing ProtocolHandler ["http-nio-8140"]
2022-06-10 14:24:05,080 INFO org.apache.juli.logging.DirectJDKLog [main] Starting service [Tomcat]
2022-06-10 14:24:05,081 INFO org.apache.juli.logging.DirectJDKLog [main] Starting Servlet engine: [Apache Tomcat/9.0.62]
2022-06-10 14:24:06,386 INFO org.apache.juli.logging.DirectJDKLog [main] Initializing Spring embedded WebApplicationContext
2022-06-10 14:24:06,387 INFO org.springframework.boot.web.servlet.context.ServletWebServerApplicationContext [main] Root WebApplicationContext: initialization completed in 11943 ms
2022-06-10 14:24:07,906 INFO com.mongodb.diagnostics.logging.SLF4JLogger [main] Cluster created with settings {hosts=[cluster0-shard-00-00.99s2u.mongodb.net:27017, cluster0-shard-00-01.99s2u.mongodb.net:27017, cluster0-shard-00-02.99s2u.mongodb.net:27017], mode=MULTIPLE, requiredClusterType=REPLICA_SET, serverSelectionTimeout='30000 ms', requiredReplicaSetName='atlas-hq9yf6-shard-0'}
2022-06-10 14:24:07,909 INFO com.mongodb.diagnostics.logging.SLF4JLogger [main] Adding discovered server cluster0-shard-00-00.99s2u.mongodb.net:27017 to client view of cluster
2022-06-10 14:24:08,195 INFO com.mongodb.diagnostics.logging.SLF4JLogger [main] Adding discovered server cluster0-shard-00-01.99s2u.mongodb.net:27017 to client view of cluster
2022-06-10 14:24:08,198 INFO com.mongodb.diagnostics.logging.SLF4JLogger [main] Adding discovered server cluster0-shard-00-02.99s2u.mongodb.net:27017 to client view of cluster
2022-06-10 14:24:08,868 WARN org.springframework.data.convert.CustomConversions [main] Registering converter from class java.time.LocalDateTime to class org.joda.time.LocalDateTime as reading converter although it doesn't convert from a store-supported type! You might want to check your annotation setup at the converter implementation.
2022-06-10 14:24:09,997 WARN org.springframework.data.convert.CustomConversions [main] Registering converter from class java.time.LocalDateTime to class org.joda.time.LocalDateTime as reading converter although it doesn't convert from a store-supported type! You might want to check your annotation setup at the converter implementation.
2022-06-10 14:24:13,838 INFO com.mongodb.diagnostics.logging.SLF4JLogger [cluster-rtt-ClusterId{value='62a337e770c159797b45af48', description='null'}-cluster0-shard-00-00.99s2u.mongodb.net:27017] Opened connection [connectionId{localValue:3, serverValue:412147}] to cluster0-shard-00-00.99s2u.mongodb.net:27017
2022-06-10 14:24:13,839 INFO com.mongodb.diagnostics.logging.SLF4JLogger [cluster-ClusterId{value='62a337e770c159797b45af48', description='null'}-cluster0-shard-00-00.99s2u.mongodb.net:27017] Opened connection [connectionId{localValue:1, serverValue:412147}] to cluster0-shard-00-00.99s2u.mongodb.net:27017
2022-06-10 14:24:13,839 INFO com.mongodb.diagnostics.logging.SLF4JLogger [cluster-ClusterId{value='62a337e770c159797b45af48', description='null'}-cluster0-shard-00-02.99s2u.mongodb.net:27017] Opened connection [connectionId{localValue:6, serverValue:417000}] to cluster0-shard-00-02.99s2u.mongodb.net:27017
2022-06-10 14:24:13,838 INFO com.mongodb.diagnostics.logging.SLF4JLogger [cluster-rtt-ClusterId{value='62a337e770c159797b45af48', description='null'}-cluster0-shard-00-02.99s2u.mongodb.net:27017] Opened connection [connectionId{localValue:5, serverValue:416801}] to cluster0-shard-00-02.99s2u.mongodb.net:27017
2022-06-10 14:24:13,840 INFO com.mongodb.diagnostics.logging.SLF4JLogger [cluster-ClusterId{value='62a337e770c159797b45af48', description='null'}-cluster0-shard-00-00.99s2u.mongodb.net:27017] Monitor thread successfully connected to server with description ServerDescription{address=cluster0-shard-00-00.99s2u.mongodb.net:27017, type=REPLICA_SET_SECONDARY, state=CONNECTED, ok=true, minWireVersion=0, maxWireVersion=13, maxDocumentSize=16777216, logicalSessionTimeoutMinutes=30, roundTripTimeNanos=1285822100, setName='atlas-hq9yf6-shard-0', canonicalAddress=cluster0-shard-00-00.99s2u.mongodb.net:27017, hosts=[cluster0-shard-00-02.99s2u.mongodb.net:27017, cluster0-shard-00-01.99s2u.mongodb.net:27017, cluster0-shard-00-00.99s2u.mongodb.net:27017], passives=[], arbiters=[], primary='cluster0-shard-00-02.99s2u.mongodb.net:27017', tagSet=TagSet{[Tag{name='nodeType', value='ELECTABLE'}, Tag{name='provider', value='AWS'}, Tag{name='region', value='EU_CENTRAL_1'}, Tag{name='workloadType', value='OPERATIONAL'}]}, electionId=null, setVersion=7, topologyVersion=TopologyVersion{processId=629fc8f6546dbe0b6ee8c7a5, counter=4}, lastWriteDate=Fri Jun 10 14:24:12 CEST 2022, lastUpdateTimeNanos=2089484490407600}
2022-06-10 14:24:13,840 INFO com.mongodb.diagnostics.logging.SLF4JLogger [cluster-ClusterId{value='62a337e770c159797b45af48', description='null'}-cluster0-shard-00-02.99s2u.mongodb.net:27017] Monitor thread successfully connected to server with description ServerDescription{address=cluster0-shard-00-02.99s2u.mongodb.net:27017, type=REPLICA_SET_PRIMARY, state=CONNECTED, ok=true, minWireVersion=0, maxWireVersion=13, maxDocumentSize=16777216, logicalSessionTimeoutMinutes=30, roundTripTimeNanos=1283289700, setName='atlas-hq9yf6-shard-0', canonicalAddress=cluster0-shard-00-02.99s2u.mongodb.net:27017, hosts=[cluster0-shard-00-02.99s2u.mongodb.net:27017, cluster0-shard-00-01.99s2u.mongodb.net:27017, cluster0-shard-00-00.99s2u.mongodb.net:27017], passives=[], arbiters=[], primary='cluster0-shard-00-02.99s2u.mongodb.net:27017', tagSet=TagSet{[Tag{name='nodeType', value='ELECTABLE'}, Tag{name='provider', value='AWS'}, Tag{name='region', value='EU_CENTRAL_1'}, Tag{name='workloadType', value='OPERATIONAL'}]}, electionId=7fffffff00000000000000b3, setVersion=7, topologyVersion=TopologyVersion{processId=629fca5663d7af5f1a001e22, counter=6}, lastWriteDate=Fri Jun 10 14:24:12 CEST 2022, lastUpdateTimeNanos=2089484489700700}
2022-06-10 14:24:13,855 INFO com.mongodb.diagnostics.logging.SLF4JLogger [cluster-ClusterId{value='62a337e770c159797b45af48', description='null'}-cluster0-shard-00-02.99s2u.mongodb.net:27017] Setting max election id to 7fffffff00000000000000b3 from replica set primary cluster0-shard-00-02.99s2u.mongodb.net:27017
2022-06-10 14:24:13,856 INFO com.mongodb.diagnostics.logging.SLF4JLogger [cluster-ClusterId{value='62a337e770c159797b45af48', description='null'}-cluster0-shard-00-02.99s2u.mongodb.net:27017] Setting max set version to 7 from replica set primary cluster0-shard-00-02.99s2u.mongodb.net:27017
2022-06-10 14:24:13,857 INFO com.mongodb.diagnostics.logging.SLF4JLogger [cluster-ClusterId{value='62a337e770c159797b45af48', description='null'}-cluster0-shard-00-02.99s2u.mongodb.net:27017] Discovered replica set primary cluster0-shard-00-02.99s2u.mongodb.net:27017
2022-06-10 14:24:14,089 INFO com.mongodb.diagnostics.logging.SLF4JLogger [cluster-ClusterId{value='62a337e770c159797b45af48', description='null'}-cluster0-shard-00-01.99s2u.mongodb.net:27017] Opened connection [connectionId{localValue:4, serverValue:410269}] to cluster0-shard-00-01.99s2u.mongodb.net:27017
2022-06-10 14:24:14,089 INFO com.mongodb.diagnostics.logging.SLF4JLogger [cluster-ClusterId{value='62a337e770c159797b45af48', description='null'}-cluster0-shard-00-01.99s2u.mongodb.net:27017] Monitor thread successfully connected to server with description ServerDescription{address=cluster0-shard-00-01.99s2u.mongodb.net:27017, type=REPLICA_SET_SECONDARY, state=CONNECTED, ok=true, minWireVersion=0, maxWireVersion=13, maxDocumentSize=16777216, logicalSessionTimeoutMinutes=30, roundTripTimeNanos=387342600, setName='atlas-hq9yf6-shard-0', canonicalAddress=cluster0-shard-00-01.99s2u.mongodb.net:27017, hosts=[cluster0-shard-00-02.99s2u.mongodb.net:27017, cluster0-shard-00-01.99s2u.mongodb.net:27017, cluster0-shard-00-00.99s2u.mongodb.net:27017], passives=[], arbiters=[], primary='cluster0-shard-00-02.99s2u.mongodb.net:27017', tagSet=TagSet{[Tag{name='nodeType', value='ELECTABLE'}, Tag{name='provider', value='AWS'}, Tag{name='region', value='EU_CENTRAL_1'}, Tag{name='workloadType', value='OPERATIONAL'}]}, electionId=null, setVersion=7, topologyVersion=TopologyVersion{processId=629fcb93fc2c845d6b002c10, counter=3}, lastWriteDate=Fri Jun 10 14:24:13 CEST 2022, lastUpdateTimeNanos=2089484741858600}
2022-06-10 14:24:14,160 INFO com.mongodb.diagnostics.logging.SLF4JLogger [cluster-rtt-ClusterId{value='62a337e770c159797b45af48', description='null'}-cluster0-shard-00-01.99s2u.mongodb.net:27017] Opened connection [connectionId{localValue:2, serverValue:410262}] to cluster0-shard-00-01.99s2u.mongodb.net:27017
2022-06-10 14:24:17,142 WARN org.springframework.boot.autoconfigure.security.servlet.UserDetailsServiceAutoConfiguration [main] 

Using generated security password: fe958dc6-ca8f-4384-a2b3-c93a2122a89d

This generated password is for development use only. Your security configuration must be updated before running your application in production.

2022-06-10 14:24:17,588 INFO org.springframework.security.web.DefaultSecurityFilterChain [main] Will secure any request with [org.springframework.security.web.context.request.async.WebAsyncManagerIntegrationFilter@5a4dda2, org.springframework.security.web.context.SecurityContextPersistenceFilter@5a14e60d, org.springframework.security.web.header.HeaderWriterFilter@7a84788f, org.springframework.security.web.authentication.logout.LogoutFilter@dbed7fd, linkedin.profileservice.config.JwtRequestFilter@47c7a9e5, org.springframework.security.web.savedrequest.RequestCacheAwareFilter@72ecbcb3, org.springframework.security.web.servletapi.SecurityContextHolderAwareRequestFilter@6ef2f7ad, org.springframework.security.web.authentication.AnonymousAuthenticationFilter@1d2fb82, org.springframework.security.web.session.SessionManagementFilter@18dcb8a7, org.springframework.security.web.access.ExceptionTranslationFilter@74ba6ff5]
2022-06-10 14:24:20,425 INFO org.apache.juli.logging.DirectJDKLog [main] Starting ProtocolHandler ["http-nio-8140"]
2022-06-10 14:24:20,507 INFO org.springframework.boot.web.embedded.tomcat.TomcatWebServer [main] Tomcat started on port(s): 8140 (http) with context path ''
2022-06-10 14:25:02,564 INFO org.apache.juli.logging.DirectJDKLog [http-nio-8140-exec-1] Initializing Spring DispatcherServlet 'dispatcherServlet'
2022-06-10 14:25:02,566 INFO org.springframework.web.servlet.FrameworkServlet [http-nio-8140-exec-1] Initializing Servlet 'dispatcherServlet'
2022-06-10 14:25:02,569 INFO org.springframework.web.servlet.FrameworkServlet [http-nio-8140-exec-1] Completed initialization in 2 ms
2022-06-10 14:25:03,962 INFO com.mongodb.diagnostics.logging.SLF4JLogger [http-nio-8140-exec-1] Opened connection [connectionId{localValue:7, serverValue:417183}] to cluster0-shard-00-02.99s2u.mongodb.net:27017
2022-06-10 14:34:14,944 INFO org.springframework.data.repository.config.RepositoryConfigurationDelegate [main] Multiple Spring Data modules found, entering strict repository configuration mode!
2022-06-10 14:34:14,959 INFO org.springframework.data.repository.config.RepositoryConfigurationDelegate [main] Bootstrapping Spring Data MongoDB repositories in DEFAULT mode.
2022-06-10 14:34:15,259 INFO org.springframework.data.repository.config.RepositoryConfigurationDelegate [main] Finished Spring Data repository scanning in 280 ms. Found 6 MongoDB repository interfaces.
2022-06-10 14:34:16,052 INFO org.springframework.cloud.context.scope.GenericScope [main] BeanFactory id=d3d5688a-d7bf-3989-ba37-7f08a363e04e
2022-06-10 14:34:18,961 INFO org.springframework.boot.web.embedded.tomcat.TomcatWebServer [main] Tomcat initialized with port(s): 8140 (http)
2022-06-10 14:34:18,992 INFO org.apache.juli.logging.DirectJDKLog [main] Initializing ProtocolHandler ["http-nio-8140"]
2022-06-10 14:34:18,995 INFO org.apache.juli.logging.DirectJDKLog [main] Starting service [Tomcat]
2022-06-10 14:34:18,995 INFO org.apache.juli.logging.DirectJDKLog [main] Starting Servlet engine: [Apache Tomcat/9.0.62]
2022-06-10 14:34:19,742 INFO org.apache.juli.logging.DirectJDKLog [main] Initializing Spring embedded WebApplicationContext
2022-06-10 14:34:19,743 INFO org.springframework.boot.web.servlet.context.ServletWebServerApplicationContext [main] Root WebApplicationContext: initialization completed in 7388 ms
2022-06-10 14:34:20,574 INFO com.mongodb.diagnostics.logging.SLF4JLogger [main] Cluster created with settings {hosts=[cluster0-shard-00-00.99s2u.mongodb.net:27017, cluster0-shard-00-01.99s2u.mongodb.net:27017, cluster0-shard-00-02.99s2u.mongodb.net:27017], mode=MULTIPLE, requiredClusterType=REPLICA_SET, serverSelectionTimeout='30000 ms', requiredReplicaSetName='atlas-hq9yf6-shard-0'}
2022-06-10 14:34:20,577 INFO com.mongodb.diagnostics.logging.SLF4JLogger [main] Adding discovered server cluster0-shard-00-00.99s2u.mongodb.net:27017 to client view of cluster
2022-06-10 14:34:20,955 INFO com.mongodb.diagnostics.logging.SLF4JLogger [main] Adding discovered server cluster0-shard-00-01.99s2u.mongodb.net:27017 to client view of cluster
2022-06-10 14:34:20,958 INFO com.mongodb.diagnostics.logging.SLF4JLogger [main] Adding discovered server cluster0-shard-00-02.99s2u.mongodb.net:27017 to client view of cluster
2022-06-10 14:34:21,502 WARN org.springframework.data.convert.CustomConversions [main] Registering converter from class java.time.LocalDateTime to class org.joda.time.LocalDateTime as reading converter although it doesn't convert from a store-supported type! You might want to check your annotation setup at the converter implementation.
2022-06-10 14:34:22,196 WARN org.springframework.data.convert.CustomConversions [main] Registering converter from class java.time.LocalDateTime to class org.joda.time.LocalDateTime as reading converter although it doesn't convert from a store-supported type! You might want to check your annotation setup at the converter implementation.
2022-06-10 14:34:25,065 INFO com.mongodb.diagnostics.logging.SLF4JLogger [cluster-ClusterId{value='62a33a4c7acb5e795d21b22a', description='null'}-cluster0-shard-00-00.99s2u.mongodb.net:27017] Opened connection [connectionId{localValue:1, serverValue:413005}] to cluster0-shard-00-00.99s2u.mongodb.net:27017
2022-06-10 14:34:25,067 INFO com.mongodb.diagnostics.logging.SLF4JLogger [cluster-ClusterId{value='62a33a4c7acb5e795d21b22a', description='null'}-cluster0-shard-00-00.99s2u.mongodb.net:27017] Monitor thread successfully connected to server with description ServerDescription{address=cluster0-shard-00-00.99s2u.mongodb.net:27017, type=REPLICA_SET_SECONDARY, state=CONNECTED, ok=true, minWireVersion=0, maxWireVersion=13, maxDocumentSize=16777216, logicalSessionTimeoutMinutes=30, roundTripTimeNanos=585402900, setName='atlas-hq9yf6-shard-0', canonicalAddress=cluster0-shard-00-00.99s2u.mongodb.net:27017, hosts=[cluster0-shard-00-02.99s2u.mongodb.net:27017, cluster0-shard-00-01.99s2u.mongodb.net:27017, cluster0-shard-00-00.99s2u.mongodb.net:27017], passives=[], arbiters=[], primary='cluster0-shard-00-02.99s2u.mongodb.net:27017', tagSet=TagSet{[Tag{name='nodeType', value='ELECTABLE'}, Tag{name='provider', value='AWS'}, Tag{name='region', value='EU_CENTRAL_1'}, Tag{name='workloadType', value='OPERATIONAL'}]}, electionId=null, setVersion=7, topologyVersion=TopologyVersion{processId=629fc8f6546dbe0b6ee8c7a5, counter=4}, lastWriteDate=Fri Jun 10 14:34:24 CEST 2022, lastUpdateTimeNanos=2090095715530500}
2022-06-10 14:34:25,066 INFO com.mongodb.diagnostics.logging.SLF4JLogger [cluster-rtt-ClusterId{value='62a33a4c7acb5e795d21b22a', description='null'}-cluster0-shard-00-01.99s2u.mongodb.net:27017] Opened connection [connectionId{localValue:6, serverValue:410909}] to cluster0-shard-00-01.99s2u.mongodb.net:27017
2022-06-10 14:34:25,065 INFO com.mongodb.diagnostics.logging.SLF4JLogger [cluster-rtt-ClusterId{value='62a33a4c7acb5e795d21b22a', description='null'}-cluster0-shard-00-00.99s2u.mongodb.net:27017] Opened connection [connectionId{localValue:2, serverValue:413005}] to cluster0-shard-00-00.99s2u.mongodb.net:27017
2022-06-10 14:34:25,065 INFO com.mongodb.diagnostics.logging.SLF4JLogger [cluster-rtt-ClusterId{value='62a33a4c7acb5e795d21b22a', description='null'}-cluster0-shard-00-02.99s2u.mongodb.net:27017] Opened connection [connectionId{localValue:4, serverValue:418027}] to cluster0-shard-00-02.99s2u.mongodb.net:27017
2022-06-10 14:34:25,065 INFO com.mongodb.diagnostics.logging.SLF4JLogger [cluster-ClusterId{value='62a33a4c7acb5e795d21b22a', description='null'}-cluster0-shard-00-02.99s2u.mongodb.net:27017] Opened connection [connectionId{localValue:3, serverValue:418027}] to cluster0-shard-00-02.99s2u.mongodb.net:27017
2022-06-10 14:34:25,074 INFO com.mongodb.diagnostics.logging.SLF4JLogger [cluster-ClusterId{value='62a33a4c7acb5e795d21b22a', description='null'}-cluster0-shard-00-02.99s2u.mongodb.net:27017] Monitor thread successfully connected to server with description ServerDescription{address=cluster0-shard-00-02.99s2u.mongodb.net:27017, type=REPLICA_SET_PRIMARY, state=CONNECTED, ok=true, minWireVersion=0, maxWireVersion=13, maxDocumentSize=16777216, logicalSessionTimeoutMinutes=30, roundTripTimeNanos=585757800, setName='atlas-hq9yf6-shard-0', canonicalAddress=cluster0-shard-00-02.99s2u.mongodb.net:27017, hosts=[cluster0-shard-00-02.99s2u.mongodb.net:27017, cluster0-shard-00-01.99s2u.mongodb.net:27017, cluster0-shard-00-00.99s2u.mongodb.net:27017], passives=[], arbiters=[], primary='cluster0-shard-00-02.99s2u.mongodb.net:27017', tagSet=TagSet{[Tag{name='nodeType', value='ELECTABLE'}, Tag{name='provider', value='AWS'}, Tag{name='region', value='EU_CENTRAL_1'}, Tag{name='workloadType', value='OPERATIONAL'}]}, electionId=7fffffff00000000000000b3, setVersion=7, topologyVersion=TopologyVersion{processId=629fca5663d7af5f1a001e22, counter=6}, lastWriteDate=Fri Jun 10 14:34:24 CEST 2022, lastUpdateTimeNanos=2090095715868900}
2022-06-10 14:34:25,074 INFO com.mongodb.diagnostics.logging.SLF4JLogger [cluster-ClusterId{value='62a33a4c7acb5e795d21b22a', description='null'}-cluster0-shard-00-01.99s2u.mongodb.net:27017] Opened connection [connectionId{localValue:5, serverValue:410909}] to cluster0-shard-00-01.99s2u.mongodb.net:27017
2022-06-10 14:34:25,077 INFO com.mongodb.diagnostics.logging.SLF4JLogger [cluster-ClusterId{value='62a33a4c7acb5e795d21b22a', description='null'}-cluster0-shard-00-01.99s2u.mongodb.net:27017] Monitor thread successfully connected to server with description ServerDescription{address=cluster0-shard-00-01.99s2u.mongodb.net:27017, type=REPLICA_SET_SECONDARY, state=CONNECTED, ok=true, minWireVersion=0, maxWireVersion=13, maxDocumentSize=16777216, logicalSessionTimeoutMinutes=30, roundTripTimeNanos=518934200, setName='atlas-hq9yf6-shard-0', canonicalAddress=cluster0-shard-00-01.99s2u.mongodb.net:27017, hosts=[cluster0-shard-00-02.99s2u.mongodb.net:27017, cluster0-shard-00-01.99s2u.mongodb.net:27017, cluster0-shard-00-00.99s2u.mongodb.net:27017], passives=[], arbiters=[], primary='cluster0-shard-00-02.99s2u.mongodb.net:27017', tagSet=TagSet{[Tag{name='nodeType', value='ELECTABLE'}, Tag{name='provider', value='AWS'}, Tag{name='region', value='EU_CENTRAL_1'}, Tag{name='workloadType', value='OPERATIONAL'}]}, electionId=null, setVersion=7, topologyVersion=TopologyVersion{processId=629fcb93fc2c845d6b002c10, counter=3}, lastWriteDate=Fri Jun 10 14:34:24 CEST 2022, lastUpdateTimeNanos=2090095716654700}
2022-06-10 14:34:25,084 INFO com.mongodb.diagnostics.logging.SLF4JLogger [cluster-ClusterId{value='62a33a4c7acb5e795d21b22a', description='null'}-cluster0-shard-00-02.99s2u.mongodb.net:27017] Setting max election id to 7fffffff00000000000000b3 from replica set primary cluster0-shard-00-02.99s2u.mongodb.net:27017
2022-06-10 14:34:25,085 INFO com.mongodb.diagnostics.logging.SLF4JLogger [cluster-ClusterId{value='62a33a4c7acb5e795d21b22a', description='null'}-cluster0-shard-00-02.99s2u.mongodb.net:27017] Setting max set version to 7 from replica set primary cluster0-shard-00-02.99s2u.mongodb.net:27017
2022-06-10 14:34:25,085 INFO com.mongodb.diagnostics.logging.SLF4JLogger [cluster-ClusterId{value='62a33a4c7acb5e795d21b22a', description='null'}-cluster0-shard-00-02.99s2u.mongodb.net:27017] Discovered replica set primary cluster0-shard-00-02.99s2u.mongodb.net:27017
2022-06-10 14:34:27,698 WARN org.springframework.boot.autoconfigure.security.servlet.UserDetailsServiceAutoConfiguration [main] 

Using generated security password: 5426a350-3c48-4590-b2e7-4260a377132f

This generated password is for development use only. Your security configuration must be updated before running your application in production.

2022-06-10 14:34:28,153 INFO org.springframework.security.web.DefaultSecurityFilterChain [main] Will secure any request with [org.springframework.security.web.context.request.async.WebAsyncManagerIntegrationFilter@79ecc507, org.springframework.security.web.context.SecurityContextPersistenceFilter@646cd766, org.springframework.security.web.header.HeaderWriterFilter@13250132, org.springframework.security.web.authentication.logout.LogoutFilter@f882465, linkedin.profileservice.config.JwtRequestFilter@5ad1904f, org.springframework.security.web.savedrequest.RequestCacheAwareFilter@26457986, org.springframework.security.web.servletapi.SecurityContextHolderAwareRequestFilter@5d1d9d73, org.springframework.security.web.authentication.AnonymousAuthenticationFilter@6ef2f7ad, org.springframework.security.web.session.SessionManagementFilter@3a296107, org.springframework.security.web.access.ExceptionTranslationFilter@551be9f6]
2022-06-10 14:34:30,284 INFO org.apache.juli.logging.DirectJDKLog [main] Starting ProtocolHandler ["http-nio-8140"]
2022-06-10 14:34:30,344 INFO org.springframework.boot.web.embedded.tomcat.TomcatWebServer [main] Tomcat started on port(s): 8140 (http) with context path ''
2022-06-10 14:35:17,777 INFO org.springframework.data.repository.config.RepositoryConfigurationDelegate [main] Multiple Spring Data modules found, entering strict repository configuration mode!
2022-06-10 14:35:17,802 INFO org.springframework.data.repository.config.RepositoryConfigurationDelegate [main] Bootstrapping Spring Data MongoDB repositories in DEFAULT mode.
2022-06-10 14:35:18,096 INFO org.springframework.data.repository.config.RepositoryConfigurationDelegate [main] Finished Spring Data repository scanning in 277 ms. Found 6 MongoDB repository interfaces.
2022-06-10 14:35:18,812 INFO org.springframework.cloud.context.scope.GenericScope [main] BeanFactory id=d3d5688a-d7bf-3989-ba37-7f08a363e04e
2022-06-10 14:35:21,742 INFO org.springframework.boot.web.embedded.tomcat.TomcatWebServer [main] Tomcat initialized with port(s): 8140 (http)
2022-06-10 14:35:21,766 INFO org.apache.juli.logging.DirectJDKLog [main] Initializing ProtocolHandler ["http-nio-8140"]
2022-06-10 14:35:21,768 INFO org.apache.juli.logging.DirectJDKLog [main] Starting service [Tomcat]
2022-06-10 14:35:21,768 INFO org.apache.juli.logging.DirectJDKLog [main] Starting Servlet engine: [Apache Tomcat/9.0.62]
2022-06-10 14:35:22,428 INFO org.apache.juli.logging.DirectJDKLog [main] Initializing Spring embedded WebApplicationContext
2022-06-10 14:35:22,429 INFO org.springframework.boot.web.servlet.context.ServletWebServerApplicationContext [main] Root WebApplicationContext: initialization completed in 6899 ms
2022-06-10 14:35:23,230 INFO com.mongodb.diagnostics.logging.SLF4JLogger [main] Cluster created with settings {hosts=[cluster0-shard-00-00.99s2u.mongodb.net:27017, cluster0-shard-00-01.99s2u.mongodb.net:27017, cluster0-shard-00-02.99s2u.mongodb.net:27017], mode=MULTIPLE, requiredClusterType=REPLICA_SET, serverSelectionTimeout='30000 ms', requiredReplicaSetName='atlas-hq9yf6-shard-0'}
2022-06-10 14:35:23,234 INFO com.mongodb.diagnostics.logging.SLF4JLogger [main] Adding discovered server cluster0-shard-00-00.99s2u.mongodb.net:27017 to client view of cluster
2022-06-10 14:35:23,362 INFO com.mongodb.diagnostics.logging.SLF4JLogger [main] Adding discovered server cluster0-shard-00-01.99s2u.mongodb.net:27017 to client view of cluster
2022-06-10 14:35:23,364 INFO com.mongodb.diagnostics.logging.SLF4JLogger [main] Adding discovered server cluster0-shard-00-02.99s2u.mongodb.net:27017 to client view of cluster
2022-06-10 14:35:23,795 WARN org.springframework.data.convert.CustomConversions [main] Registering converter from class java.time.LocalDateTime to class org.joda.time.LocalDateTime as reading converter although it doesn't convert from a store-supported type! You might want to check your annotation setup at the converter implementation.
2022-06-10 14:35:24,436 WARN org.springframework.data.convert.CustomConversions [main] Registering converter from class java.time.LocalDateTime to class org.joda.time.LocalDateTime as reading converter although it doesn't convert from a store-supported type! You might want to check your annotation setup at the converter implementation.
2022-06-10 14:35:26,931 INFO com.mongodb.diagnostics.logging.SLF4JLogger [cluster-ClusterId{value='62a33a8b9ef3e836dcba077a', description='null'}-cluster0-shard-00-00.99s2u.mongodb.net:27017] Opened connection [connectionId{localValue:5, serverValue:413024}] to cluster0-shard-00-00.99s2u.mongodb.net:27017
2022-06-10 14:35:26,931 INFO com.mongodb.diagnostics.logging.SLF4JLogger [cluster-ClusterId{value='62a33a8b9ef3e836dcba077a', description='null'}-cluster0-shard-00-02.99s2u.mongodb.net:27017] Opened connection [connectionId{localValue:4, serverValue:417899}] to cluster0-shard-00-02.99s2u.mongodb.net:27017
2022-06-10 14:35:26,931 INFO com.mongodb.diagnostics.logging.SLF4JLogger [cluster-rtt-ClusterId{value='62a33a8b9ef3e836dcba077a', description='null'}-cluster0-shard-00-00.99s2u.mongodb.net:27017] Opened connection [connectionId{localValue:1, serverValue:413024}] to cluster0-shard-00-00.99s2u.mongodb.net:27017
2022-06-10 14:35:26,933 INFO com.mongodb.diagnostics.logging.SLF4JLogger [cluster-ClusterId{value='62a33a8b9ef3e836dcba077a', description='null'}-cluster0-shard-00-02.99s2u.mongodb.net:27017] Monitor thread successfully connected to server with description ServerDescription{address=cluster0-shard-00-02.99s2u.mongodb.net:27017, type=REPLICA_SET_PRIMARY, state=CONNECTED, ok=true, minWireVersion=0, maxWireVersion=13, maxDocumentSize=16777216, logicalSessionTimeoutMinutes=30, roundTripTimeNanos=576422800, setName='atlas-hq9yf6-shard-0', canonicalAddress=cluster0-shard-00-02.99s2u.mongodb.net:27017, hosts=[cluster0-shard-00-02.99s2u.mongodb.net:27017, cluster0-shard-00-01.99s2u.mongodb.net:27017, cluster0-shard-00-00.99s2u.mongodb.net:27017], passives=[], arbiters=[], primary='cluster0-shard-00-02.99s2u.mongodb.net:27017', tagSet=TagSet{[Tag{name='nodeType', value='ELECTABLE'}, Tag{name='provider', value='AWS'}, Tag{name='region', value='EU_CENTRAL_1'}, Tag{name='workloadType', value='OPERATIONAL'}]}, electionId=7fffffff00000000000000b3, setVersion=7, topologyVersion=TopologyVersion{processId=629fca5663d7af5f1a001e22, counter=6}, lastWriteDate=Fri Jun 10 14:35:26 CEST 2022, lastUpdateTimeNanos=2090157581974500}
2022-06-10 14:35:26,932 INFO com.mongodb.diagnostics.logging.SLF4JLogger [cluster-ClusterId{value='62a33a8b9ef3e836dcba077a', description='null'}-cluster0-shard-00-00.99s2u.mongodb.net:27017] Monitor thread successfully connected to server with description ServerDescription{address=cluster0-shard-00-00.99s2u.mongodb.net:27017, type=REPLICA_SET_SECONDARY, state=CONNECTED, ok=true, minWireVersion=0, maxWireVersion=13, maxDocumentSize=16777216, logicalSessionTimeoutMinutes=30, roundTripTimeNanos=575295900, setName='atlas-hq9yf6-shard-0', canonicalAddress=cluster0-shard-00-00.99s2u.mongodb.net:27017, hosts=[cluster0-shard-00-02.99s2u.mongodb.net:27017, cluster0-shard-00-01.99s2u.mongodb.net:27017, cluster0-shard-00-00.99s2u.mongodb.net:27017], passives=[], arbiters=[], primary='cluster0-shard-00-02.99s2u.mongodb.net:27017', tagSet=TagSet{[Tag{name='nodeType', value='ELECTABLE'}, Tag{name='provider', value='AWS'}, Tag{name='region', value='EU_CENTRAL_1'}, Tag{name='workloadType', value='OPERATIONAL'}]}, electionId=null, setVersion=7, topologyVersion=TopologyVersion{processId=629fc8f6546dbe0b6ee8c7a5, counter=4}, lastWriteDate=Fri Jun 10 14:35:26 CEST 2022, lastUpdateTimeNanos=2090157580847700}
2022-06-10 14:35:26,931 INFO com.mongodb.diagnostics.logging.SLF4JLogger [cluster-ClusterId{value='62a33a8b9ef3e836dcba077a', description='null'}-cluster0-shard-00-01.99s2u.mongodb.net:27017] Opened connection [connectionId{localValue:2, serverValue:411284}] to cluster0-shard-00-01.99s2u.mongodb.net:27017
2022-06-10 14:35:26,933 INFO com.mongodb.diagnostics.logging.SLF4JLogger [cluster-ClusterId{value='62a33a8b9ef3e836dcba077a', description='null'}-cluster0-shard-00-01.99s2u.mongodb.net:27017] Monitor thread successfully connected to server with description ServerDescription{address=cluster0-shard-00-01.99s2u.mongodb.net:27017, type=REPLICA_SET_SECONDARY, state=CONNECTED, ok=true, minWireVersion=0, maxWireVersion=13, maxDocumentSize=16777216, logicalSessionTimeoutMinutes=30, roundTripTimeNanos=576580900, setName='atlas-hq9yf6-shard-0', canonicalAddress=cluster0-shard-00-01.99s2u.mongodb.net:27017, hosts=[cluster0-shard-00-02.99s2u.mongodb.net:27017, cluster0-shard-00-01.99s2u.mongodb.net:27017, cluster0-shard-00-00.99s2u.mongodb.net:27017], passives=[], arbiters=[], primary='cluster0-shard-00-02.99s2u.mongodb.net:27017', tagSet=TagSet{[Tag{name='nodeType', value='ELECTABLE'}, Tag{name='provider', value='AWS'}, Tag{name='region', value='EU_CENTRAL_1'}, Tag{name='workloadType', value='OPERATIONAL'}]}, electionId=null, setVersion=7, topologyVersion=TopologyVersion{processId=629fcb93fc2c845d6b002c10, counter=3}, lastWriteDate=Fri Jun 10 14:35:26 CEST 2022, lastUpdateTimeNanos=2090157582132100}
2022-06-10 14:35:26,937 INFO com.mongodb.diagnostics.logging.SLF4JLogger [cluster-rtt-ClusterId{value='62a33a8b9ef3e836dcba077a', description='null'}-cluster0-shard-00-01.99s2u.mongodb.net:27017] Opened connection [connectionId{localValue:6, serverValue:411284}] to cluster0-shard-00-01.99s2u.mongodb.net:27017
2022-06-10 14:35:26,940 INFO com.mongodb.diagnostics.logging.SLF4JLogger [cluster-rtt-ClusterId{value='62a33a8b9ef3e836dcba077a', description='null'}-cluster0-shard-00-02.99s2u.mongodb.net:27017] Opened connection [connectionId{localValue:3, serverValue:417899}] to cluster0-shard-00-02.99s2u.mongodb.net:27017
2022-06-10 14:35:26,951 INFO com.mongodb.diagnostics.logging.SLF4JLogger [cluster-ClusterId{value='62a33a8b9ef3e836dcba077a', description='null'}-cluster0-shard-00-02.99s2u.mongodb.net:27017] Setting max election id to 7fffffff00000000000000b3 from replica set primary cluster0-shard-00-02.99s2u.mongodb.net:27017
2022-06-10 14:35:26,952 INFO com.mongodb.diagnostics.logging.SLF4JLogger [cluster-ClusterId{value='62a33a8b9ef3e836dcba077a', description='null'}-cluster0-shard-00-02.99s2u.mongodb.net:27017] Setting max set version to 7 from replica set primary cluster0-shard-00-02.99s2u.mongodb.net:27017
2022-06-10 14:35:26,952 INFO com.mongodb.diagnostics.logging.SLF4JLogger [cluster-ClusterId{value='62a33a8b9ef3e836dcba077a', description='null'}-cluster0-shard-00-02.99s2u.mongodb.net:27017] Discovered replica set primary cluster0-shard-00-02.99s2u.mongodb.net:27017
2022-06-10 14:35:29,417 WARN org.springframework.boot.autoconfigure.security.servlet.UserDetailsServiceAutoConfiguration [main] 

Using generated security password: 78742a86-3a56-4b5e-b180-6ac27f867db9

This generated password is for development use only. Your security configuration must be updated before running your application in production.

2022-06-10 14:35:29,779 INFO org.springframework.security.web.DefaultSecurityFilterChain [main] Will secure any request with [org.springframework.security.web.context.request.async.WebAsyncManagerIntegrationFilter@25791d40, org.springframework.security.web.context.SecurityContextPersistenceFilter@395f52ed, org.springframework.security.web.header.HeaderWriterFilter@2dff7085, org.springframework.security.web.authentication.logout.LogoutFilter@6df4af5, linkedin.profileservice.config.JwtRequestFilter@67b355c8, org.springframework.security.web.savedrequest.RequestCacheAwareFilter@102c18e, org.springframework.security.web.servletapi.SecurityContextHolderAwareRequestFilter@2bebd114, org.springframework.security.web.authentication.AnonymousAuthenticationFilter@448c92fc, org.springframework.security.web.session.SessionManagementFilter@53a50b0a, org.springframework.security.web.access.ExceptionTranslationFilter@57151b3a]
2022-06-10 14:35:32,621 INFO org.apache.juli.logging.DirectJDKLog [main] Starting ProtocolHandler ["http-nio-8140"]
2022-06-10 14:35:32,702 INFO org.springframework.boot.web.embedded.tomcat.TomcatWebServer [main] Tomcat started on port(s): 8140 (http) with context path ''
2022-06-10 14:35:51,277 INFO org.apache.juli.logging.DirectJDKLog [http-nio-8140-exec-1] Initializing Spring DispatcherServlet 'dispatcherServlet'
2022-06-10 14:35:51,279 INFO org.springframework.web.servlet.FrameworkServlet [http-nio-8140-exec-1] Initializing Servlet 'dispatcherServlet'
2022-06-10 14:35:51,289 INFO org.springframework.web.servlet.FrameworkServlet [http-nio-8140-exec-1] Completed initialization in 7 ms
2022-06-10 14:35:52,650 INFO com.mongodb.diagnostics.logging.SLF4JLogger [http-nio-8140-exec-2] Opened connection [connectionId{localValue:7, serverValue:418134}] to cluster0-shard-00-02.99s2u.mongodb.net:27017
2022-06-10 14:37:03,551 INFO org.springframework.data.repository.config.RepositoryConfigurationDelegate [main] Multiple Spring Data modules found, entering strict repository configuration mode!
2022-06-10 14:37:03,575 INFO org.springframework.data.repository.config.RepositoryConfigurationDelegate [main] Bootstrapping Spring Data MongoDB repositories in DEFAULT mode.
2022-06-10 14:37:04,003 INFO org.springframework.data.repository.config.RepositoryConfigurationDelegate [main] Finished Spring Data repository scanning in 401 ms. Found 6 MongoDB repository interfaces.
2022-06-10 14:37:04,908 INFO org.springframework.cloud.context.scope.GenericScope [main] BeanFactory id=d3d5688a-d7bf-3989-ba37-7f08a363e04e
2022-06-10 14:37:07,505 INFO org.springframework.boot.web.embedded.tomcat.TomcatWebServer [main] Tomcat initialized with port(s): 8140 (http)
2022-06-10 14:37:07,528 INFO org.apache.juli.logging.DirectJDKLog [main] Initializing ProtocolHandler ["http-nio-8140"]
2022-06-10 14:37:07,530 INFO org.apache.juli.logging.DirectJDKLog [main] Starting service [Tomcat]
2022-06-10 14:37:07,530 INFO org.apache.juli.logging.DirectJDKLog [main] Starting Servlet engine: [Apache Tomcat/9.0.62]
2022-06-10 14:37:08,325 INFO org.apache.juli.logging.DirectJDKLog [main] Initializing Spring embedded WebApplicationContext
2022-06-10 14:37:08,326 INFO org.springframework.boot.web.servlet.context.ServletWebServerApplicationContext [main] Root WebApplicationContext: initialization completed in 7543 ms
2022-06-10 14:37:08,932 INFO com.mongodb.diagnostics.logging.SLF4JLogger [main] Cluster created with settings {hosts=[cluster0-shard-00-00.99s2u.mongodb.net:27017, cluster0-shard-00-01.99s2u.mongodb.net:27017, cluster0-shard-00-02.99s2u.mongodb.net:27017], mode=MULTIPLE, requiredClusterType=REPLICA_SET, serverSelectionTimeout='30000 ms', requiredReplicaSetName='atlas-hq9yf6-shard-0'}
2022-06-10 14:37:08,935 INFO com.mongodb.diagnostics.logging.SLF4JLogger [main] Adding discovered server cluster0-shard-00-00.99s2u.mongodb.net:27017 to client view of cluster
2022-06-10 14:37:09,064 INFO com.mongodb.diagnostics.logging.SLF4JLogger [main] Adding discovered server cluster0-shard-00-01.99s2u.mongodb.net:27017 to client view of cluster
2022-06-10 14:37:09,067 INFO com.mongodb.diagnostics.logging.SLF4JLogger [main] Adding discovered server cluster0-shard-00-02.99s2u.mongodb.net:27017 to client view of cluster
2022-06-10 14:37:09,589 WARN org.springframework.data.convert.CustomConversions [main] Registering converter from class java.time.LocalDateTime to class org.joda.time.LocalDateTime as reading converter although it doesn't convert from a store-supported type! You might want to check your annotation setup at the converter implementation.
2022-06-10 14:37:10,265 WARN org.springframework.data.convert.CustomConversions [main] Registering converter from class java.time.LocalDateTime to class org.joda.time.LocalDateTime as reading converter although it doesn't convert from a store-supported type! You might want to check your annotation setup at the converter implementation.
2022-06-10 14:37:13,198 INFO com.mongodb.diagnostics.logging.SLF4JLogger [cluster-ClusterId{value='62a33af44366ad73d371e9f9', description='null'}-cluster0-shard-00-02.99s2u.mongodb.net:27017] Opened connection [connectionId{localValue:1, serverValue:418307}] to cluster0-shard-00-02.99s2u.mongodb.net:27017
2022-06-10 14:37:13,199 INFO com.mongodb.diagnostics.logging.SLF4JLogger [cluster-ClusterId{value='62a33af44366ad73d371e9f9', description='null'}-cluster0-shard-00-02.99s2u.mongodb.net:27017] Monitor thread successfully connected to server with description ServerDescription{address=cluster0-shard-00-02.99s2u.mongodb.net:27017, type=REPLICA_SET_PRIMARY, state=CONNECTED, ok=true, minWireVersion=0, maxWireVersion=13, maxDocumentSize=16777216, logicalSessionTimeoutMinutes=30, roundTripTimeNanos=1073788800, setName='atlas-hq9yf6-shard-0', canonicalAddress=cluster0-shard-00-02.99s2u.mongodb.net:27017, hosts=[cluster0-shard-00-02.99s2u.mongodb.net:27017, cluster0-shard-00-01.99s2u.mongodb.net:27017, cluster0-shard-00-00.99s2u.mongodb.net:27017], passives=[], arbiters=[], primary='cluster0-shard-00-02.99s2u.mongodb.net:27017', tagSet=TagSet{[Tag{name='nodeType', value='ELECTABLE'}, Tag{name='provider', value='AWS'}, Tag{name='region', value='EU_CENTRAL_1'}, Tag{name='workloadType', value='OPERATIONAL'}]}, electionId=7fffffff00000000000000b3, setVersion=7, topologyVersion=TopologyVersion{processId=629fca5663d7af5f1a001e22, counter=6}, lastWriteDate=Fri Jun 10 14:37:12 CEST 2022, lastUpdateTimeNanos=2090263846515100}
2022-06-10 14:37:13,202 INFO com.mongodb.diagnostics.logging.SLF4JLogger [cluster-ClusterId{value='62a33af44366ad73d371e9f9', description='null'}-cluster0-shard-00-00.99s2u.mongodb.net:27017] Opened connection [connectionId{localValue:3, serverValue:413251}] to cluster0-shard-00-00.99s2u.mongodb.net:27017
2022-06-10 14:37:13,204 INFO com.mongodb.diagnostics.logging.SLF4JLogger [cluster-rtt-ClusterId{value='62a33af44366ad73d371e9f9', description='null'}-cluster0-shard-00-00.99s2u.mongodb.net:27017] Opened connection [connectionId{localValue:6, serverValue:413251}] to cluster0-shard-00-00.99s2u.mongodb.net:27017
2022-06-10 14:37:13,206 INFO com.mongodb.diagnostics.logging.SLF4JLogger [cluster-ClusterId{value='62a33af44366ad73d371e9f9', description='null'}-cluster0-shard-00-00.99s2u.mongodb.net:27017] Monitor thread successfully connected to server with description ServerDescription{address=cluster0-shard-00-00.99s2u.mongodb.net:27017, type=REPLICA_SET_SECONDARY, state=CONNECTED, ok=true, minWireVersion=0, maxWireVersion=13, maxDocumentSize=16777216, logicalSessionTimeoutMinutes=30, roundTripTimeNanos=1082424700, setName='atlas-hq9yf6-shard-0', canonicalAddress=cluster0-shard-00-00.99s2u.mongodb.net:27017, hosts=[cluster0-shard-00-02.99s2u.mongodb.net:27017, cluster0-shard-00-01.99s2u.mongodb.net:27017, cluster0-shard-00-00.99s2u.mongodb.net:27017], passives=[], arbiters=[], primary='cluster0-shard-00-02.99s2u.mongodb.net:27017', tagSet=TagSet{[Tag{name='nodeType', value='ELECTABLE'}, Tag{name='provider', value='AWS'}, Tag{name='region', value='EU_CENTRAL_1'}, Tag{name='workloadType', value='OPERATIONAL'}]}, electionId=null, setVersion=7, topologyVersion=TopologyVersion{processId=629fc8f6546dbe0b6ee8c7a5, counter=4}, lastWriteDate=Fri Jun 10 14:37:12 CEST 2022, lastUpdateTimeNanos=2090263855125400}
2022-06-10 14:37:13,206 INFO com.mongodb.diagnostics.logging.SLF4JLogger [cluster-rtt-ClusterId{value='62a33af44366ad73d371e9f9', description='null'}-cluster0-shard-00-02.99s2u.mongodb.net:27017] Opened connection [connectionId{localValue:5, serverValue:418307}] to cluster0-shard-00-02.99s2u.mongodb.net:27017
2022-06-10 14:37:13,209 INFO com.mongodb.diagnostics.logging.SLF4JLogger [cluster-ClusterId{value='62a33af44366ad73d371e9f9', description='null'}-cluster0-shard-00-01.99s2u.mongodb.net:27017] Opened connection [connectionId{localValue:2, serverValue:411468}] to cluster0-shard-00-01.99s2u.mongodb.net:27017
2022-06-10 14:37:13,209 INFO com.mongodb.diagnostics.logging.SLF4JLogger [cluster-ClusterId{value='62a33af44366ad73d371e9f9', description='null'}-cluster0-shard-00-01.99s2u.mongodb.net:27017] Monitor thread successfully connected to server with description ServerDescription{address=cluster0-shard-00-01.99s2u.mongodb.net:27017, type=REPLICA_SET_SECONDARY, state=CONNECTED, ok=true, minWireVersion=0, maxWireVersion=13, maxDocumentSize=16777216, logicalSessionTimeoutMinutes=30, roundTripTimeNanos=1088889700, setName='atlas-hq9yf6-shard-0', canonicalAddress=cluster0-shard-00-01.99s2u.mongodb.net:27017, hosts=[cluster0-shard-00-02.99s2u.mongodb.net:27017, cluster0-shard-00-01.99s2u.mongodb.net:27017, cluster0-shard-00-00.99s2u.mongodb.net:27017], passives=[], arbiters=[], primary='cluster0-shard-00-02.99s2u.mongodb.net:27017', tagSet=TagSet{[Tag{name='nodeType', value='ELECTABLE'}, Tag{name='provider', value='AWS'}, Tag{name='region', value='EU_CENTRAL_1'}, Tag{name='workloadType', value='OPERATIONAL'}]}, electionId=null, setVersion=7, topologyVersion=TopologyVersion{processId=629fcb93fc2c845d6b002c10, counter=3}, lastWriteDate=Fri Jun 10 14:37:12 CEST 2022, lastUpdateTimeNanos=2090263861599800}
2022-06-10 14:37:13,240 INFO com.mongodb.diagnostics.logging.SLF4JLogger [cluster-ClusterId{value='62a33af44366ad73d371e9f9', description='null'}-cluster0-shard-00-02.99s2u.mongodb.net:27017] Setting max election id to 7fffffff00000000000000b3 from replica set primary cluster0-shard-00-02.99s2u.mongodb.net:27017
2022-06-10 14:37:13,240 INFO com.mongodb.diagnostics.logging.SLF4JLogger [cluster-ClusterId{value='62a33af44366ad73d371e9f9', description='null'}-cluster0-shard-00-02.99s2u.mongodb.net:27017] Setting max set version to 7 from replica set primary cluster0-shard-00-02.99s2u.mongodb.net:27017
2022-06-10 14:37:13,241 INFO com.mongodb.diagnostics.logging.SLF4JLogger [cluster-ClusterId{value='62a33af44366ad73d371e9f9', description='null'}-cluster0-shard-00-02.99s2u.mongodb.net:27017] Discovered replica set primary cluster0-shard-00-02.99s2u.mongodb.net:27017
2022-06-10 14:37:13,303 INFO com.mongodb.diagnostics.logging.SLF4JLogger [cluster-rtt-ClusterId{value='62a33af44366ad73d371e9f9', description='null'}-cluster0-shard-00-01.99s2u.mongodb.net:27017] Opened connection [connectionId{localValue:4, serverValue:411468}] to cluster0-shard-00-01.99s2u.mongodb.net:27017
2022-06-10 14:37:16,850 WARN org.springframework.boot.autoconfigure.security.servlet.UserDetailsServiceAutoConfiguration [main] 

Using generated security password: 6767bafc-6faf-4e62-b674-019d1fed3958

This generated password is for development use only. Your security configuration must be updated before running your application in production.

2022-06-10 14:37:17,383 INFO org.springframework.security.web.DefaultSecurityFilterChain [main] Will secure any request with [org.springframework.security.web.context.request.async.WebAsyncManagerIntegrationFilter@34045582, org.springframework.security.web.context.SecurityContextPersistenceFilter@72ecbcb3, org.springframework.security.web.header.HeaderWriterFilter@26e0d39c, org.springframework.security.web.authentication.logout.LogoutFilter@76c86567, linkedin.profileservice.config.JwtRequestFilter@59c04bee, org.springframework.security.web.savedrequest.RequestCacheAwareFilter@3709748f, org.springframework.security.web.servletapi.SecurityContextHolderAwareRequestFilter@5e85c21b, org.springframework.security.web.authentication.AnonymousAuthenticationFilter@3db65c0d, org.springframework.security.web.session.SessionManagementFilter@5a14e60d, org.springframework.security.web.access.ExceptionTranslationFilter@7a84788f]
2022-06-10 14:37:20,227 INFO org.apache.juli.logging.DirectJDKLog [main] Starting ProtocolHandler ["http-nio-8140"]
2022-06-10 14:37:20,274 INFO org.springframework.boot.web.embedded.tomcat.TomcatWebServer [main] Tomcat started on port(s): 8140 (http) with context path ''
2022-06-10 14:37:40,975 INFO org.apache.juli.logging.DirectJDKLog [http-nio-8140-exec-1] Initializing Spring DispatcherServlet 'dispatcherServlet'
2022-06-10 14:37:40,976 INFO org.springframework.web.servlet.FrameworkServlet [http-nio-8140-exec-1] Initializing Servlet 'dispatcherServlet'
2022-06-10 14:37:40,978 INFO org.springframework.web.servlet.FrameworkServlet [http-nio-8140-exec-1] Completed initialization in 1 ms
2022-06-10 14:37:45,967 INFO com.mongodb.diagnostics.logging.SLF4JLogger [http-nio-8140-exec-2] Opened connection [connectionId{localValue:7, serverValue:418323}] to cluster0-shard-00-02.99s2u.mongodb.net:27017
2022-06-10 14:55:20,531 INFO org.springframework.data.repository.config.RepositoryConfigurationDelegate [main] Multiple Spring Data modules found, entering strict repository configuration mode!
2022-06-10 14:55:20,540 INFO org.springframework.data.repository.config.RepositoryConfigurationDelegate [main] Bootstrapping Spring Data MongoDB repositories in DEFAULT mode.
2022-06-10 14:55:20,764 INFO org.springframework.data.repository.config.RepositoryConfigurationDelegate [main] Finished Spring Data repository scanning in 208 ms. Found 6 MongoDB repository interfaces.
2022-06-10 14:55:21,301 INFO org.springframework.cloud.context.scope.GenericScope [main] BeanFactory id=d3d5688a-d7bf-3989-ba37-7f08a363e04e
2022-06-10 14:55:22,941 INFO org.springframework.boot.web.embedded.tomcat.TomcatWebServer [main] Tomcat initialized with port(s): 8140 (http)
2022-06-10 14:55:22,962 INFO org.apache.juli.logging.DirectJDKLog [main] Initializing ProtocolHandler ["http-nio-8140"]
2022-06-10 14:55:22,964 INFO org.apache.juli.logging.DirectJDKLog [main] Starting service [Tomcat]
2022-06-10 14:55:22,964 INFO org.apache.juli.logging.DirectJDKLog [main] Starting Servlet engine: [Apache Tomcat/9.0.62]
2022-06-10 14:55:23,605 INFO org.apache.juli.logging.DirectJDKLog [main] Initializing Spring embedded WebApplicationContext
2022-06-10 14:55:23,606 INFO org.springframework.boot.web.servlet.context.ServletWebServerApplicationContext [main] Root WebApplicationContext: initialization completed in 4879 ms
2022-06-10 14:55:24,056 INFO com.mongodb.diagnostics.logging.SLF4JLogger [main] Cluster created with settings {hosts=[cluster0-shard-00-00.99s2u.mongodb.net:27017, cluster0-shard-00-01.99s2u.mongodb.net:27017, cluster0-shard-00-02.99s2u.mongodb.net:27017], mode=MULTIPLE, requiredClusterType=REPLICA_SET, serverSelectionTimeout='30000 ms', requiredReplicaSetName='atlas-hq9yf6-shard-0'}
2022-06-10 14:55:24,058 INFO com.mongodb.diagnostics.logging.SLF4JLogger [main] Adding discovered server cluster0-shard-00-00.99s2u.mongodb.net:27017 to client view of cluster
2022-06-10 14:55:24,169 INFO com.mongodb.diagnostics.logging.SLF4JLogger [main] Adding discovered server cluster0-shard-00-01.99s2u.mongodb.net:27017 to client view of cluster
2022-06-10 14:55:24,172 INFO com.mongodb.diagnostics.logging.SLF4JLogger [main] Adding discovered server cluster0-shard-00-02.99s2u.mongodb.net:27017 to client view of cluster
2022-06-10 14:55:24,506 WARN org.springframework.data.convert.CustomConversions [main] Registering converter from class java.time.LocalDateTime to class org.joda.time.LocalDateTime as reading converter although it doesn't convert from a store-supported type! You might want to check your annotation setup at the converter implementation.
2022-06-10 14:55:24,930 WARN org.springframework.data.convert.CustomConversions [main] Registering converter from class java.time.LocalDateTime to class org.joda.time.LocalDateTime as reading converter although it doesn't convert from a store-supported type! You might want to check your annotation setup at the converter implementation.
2022-06-10 14:55:26,596 INFO com.mongodb.diagnostics.logging.SLF4JLogger [cluster-rtt-ClusterId{value='62a33f3caf97d11f1e20403e', description='null'}-cluster0-shard-00-02.99s2u.mongodb.net:27017] Opened connection [connectionId{localValue:4, serverValue:420322}] to cluster0-shard-00-02.99s2u.mongodb.net:27017
2022-06-10 14:55:26,598 INFO com.mongodb.diagnostics.logging.SLF4JLogger [cluster-rtt-ClusterId{value='62a33f3caf97d11f1e20403e', description='null'}-cluster0-shard-00-00.99s2u.mongodb.net:27017] Opened connection [connectionId{localValue:6, serverValue:415148}] to cluster0-shard-00-00.99s2u.mongodb.net:27017
2022-06-10 14:55:26,598 INFO com.mongodb.diagnostics.logging.SLF4JLogger [cluster-ClusterId{value='62a33f3caf97d11f1e20403e', description='null'}-cluster0-shard-00-01.99s2u.mongodb.net:27017] Opened connection [connectionId{localValue:3, serverValue:413380}] to cluster0-shard-00-01.99s2u.mongodb.net:27017
2022-06-10 14:55:26,600 INFO com.mongodb.diagnostics.logging.SLF4JLogger [cluster-ClusterId{value='62a33f3caf97d11f1e20403e', description='null'}-cluster0-shard-00-02.99s2u.mongodb.net:27017] Opened connection [connectionId{localValue:5, serverValue:420174}] to cluster0-shard-00-02.99s2u.mongodb.net:27017
2022-06-10 14:55:26,597 INFO com.mongodb.diagnostics.logging.SLF4JLogger [cluster-rtt-ClusterId{value='62a33f3caf97d11f1e20403e', description='null'}-cluster0-shard-00-01.99s2u.mongodb.net:27017] Opened connection [connectionId{localValue:2, serverValue:413380}] to cluster0-shard-00-01.99s2u.mongodb.net:27017
2022-06-10 14:55:26,601 INFO com.mongodb.diagnostics.logging.SLF4JLogger [cluster-ClusterId{value='62a33f3caf97d11f1e20403e', description='null'}-cluster0-shard-00-02.99s2u.mongodb.net:27017] Monitor thread successfully connected to server with description ServerDescription{address=cluster0-shard-00-02.99s2u.mongodb.net:27017, type=REPLICA_SET_PRIMARY, state=CONNECTED, ok=true, minWireVersion=0, maxWireVersion=13, maxDocumentSize=16777216, logicalSessionTimeoutMinutes=30, roundTripTimeNanos=553502600, setName='atlas-hq9yf6-shard-0', canonicalAddress=cluster0-shard-00-02.99s2u.mongodb.net:27017, hosts=[cluster0-shard-00-02.99s2u.mongodb.net:27017, cluster0-shard-00-01.99s2u.mongodb.net:27017, cluster0-shard-00-00.99s2u.mongodb.net:27017], passives=[], arbiters=[], primary='cluster0-shard-00-02.99s2u.mongodb.net:27017', tagSet=TagSet{[Tag{name='nodeType', value='ELECTABLE'}, Tag{name='provider', value='AWS'}, Tag{name='region', value='EU_CENTRAL_1'}, Tag{name='workloadType', value='OPERATIONAL'}]}, electionId=7fffffff00000000000000b3, setVersion=7, topologyVersion=TopologyVersion{processId=629fca5663d7af5f1a001e22, counter=6}, lastWriteDate=Fri Jun 10 14:55:25 CEST 2022, lastUpdateTimeNanos=2091357250332400}
2022-06-10 14:55:26,598 INFO com.mongodb.diagnostics.logging.SLF4JLogger [cluster-ClusterId{value='62a33f3caf97d11f1e20403e', description='null'}-cluster0-shard-00-00.99s2u.mongodb.net:27017] Opened connection [connectionId{localValue:1, serverValue:415148}] to cluster0-shard-00-00.99s2u.mongodb.net:27017
2022-06-10 14:55:26,599 INFO com.mongodb.diagnostics.logging.SLF4JLogger [cluster-ClusterId{value='62a33f3caf97d11f1e20403e', description='null'}-cluster0-shard-00-01.99s2u.mongodb.net:27017] Monitor thread successfully connected to server with description ServerDescription{address=cluster0-shard-00-01.99s2u.mongodb.net:27017, type=REPLICA_SET_SECONDARY, state=CONNECTED, ok=true, minWireVersion=0, maxWireVersion=13, maxDocumentSize=16777216, logicalSessionTimeoutMinutes=30, roundTripTimeNanos=551711300, setName='atlas-hq9yf6-shard-0', canonicalAddress=cluster0-shard-00-01.99s2u.mongodb.net:27017, hosts=[cluster0-shard-00-02.99s2u.mongodb.net:27017, cluster0-shard-00-01.99s2u.mongodb.net:27017, cluster0-shard-00-00.99s2u.mongodb.net:27017], passives=[], arbiters=[], primary='cluster0-shard-00-02.99s2u.mongodb.net:27017', tagSet=TagSet{[Tag{name='nodeType', value='ELECTABLE'}, Tag{name='provider', value='AWS'}, Tag{name='region', value='EU_CENTRAL_1'}, Tag{name='workloadType', value='OPERATIONAL'}]}, electionId=null, setVersion=7, topologyVersion=TopologyVersion{processId=629fcb93fc2c845d6b002c10, counter=3}, lastWriteDate=Fri Jun 10 14:55:25 CEST 2022, lastUpdateTimeNanos=2091357248567400}
2022-06-10 14:55:26,612 INFO com.mongodb.diagnostics.logging.SLF4JLogger [cluster-ClusterId{value='62a33f3caf97d11f1e20403e', description='null'}-cluster0-shard-00-00.99s2u.mongodb.net:27017] Monitor thread successfully connected to server with description ServerDescription{address=cluster0-shard-00-00.99s2u.mongodb.net:27017, type=REPLICA_SET_SECONDARY, state=CONNECTED, ok=true, minWireVersion=0, maxWireVersion=13, maxDocumentSize=16777216, logicalSessionTimeoutMinutes=30, roundTripTimeNanos=554701700, setName='atlas-hq9yf6-shard-0', canonicalAddress=cluster0-shard-00-00.99s2u.mongodb.net:27017, hosts=[cluster0-shard-00-02.99s2u.mongodb.net:27017, cluster0-shard-00-01.99s2u.mongodb.net:27017, cluster0-shard-00-00.99s2u.mongodb.net:27017], passives=[], arbiters=[], primary='cluster0-shard-00-02.99s2u.mongodb.net:27017', tagSet=TagSet{[Tag{name='nodeType', value='ELECTABLE'}, Tag{name='provider', value='AWS'}, Tag{name='region', value='EU_CENTRAL_1'}, Tag{name='workloadType', value='OPERATIONAL'}]}, electionId=null, setVersion=7, topologyVersion=TopologyVersion{processId=629fc8f6546dbe0b6ee8c7a5, counter=4}, lastWriteDate=Fri Jun 10 14:55:25 CEST 2022, lastUpdateTimeNanos=2091357251820300}
2022-06-10 14:55:26,621 INFO com.mongodb.diagnostics.logging.SLF4JLogger [cluster-ClusterId{value='62a33f3caf97d11f1e20403e', description='null'}-cluster0-shard-00-02.99s2u.mongodb.net:27017] Setting max election id to 7fffffff00000000000000b3 from replica set primary cluster0-shard-00-02.99s2u.mongodb.net:27017
2022-06-10 14:55:26,622 INFO com.mongodb.diagnostics.logging.SLF4JLogger [cluster-ClusterId{value='62a33f3caf97d11f1e20403e', description='null'}-cluster0-shard-00-02.99s2u.mongodb.net:27017] Setting max set version to 7 from replica set primary cluster0-shard-00-02.99s2u.mongodb.net:27017
2022-06-10 14:55:26,623 INFO com.mongodb.diagnostics.logging.SLF4JLogger [cluster-ClusterId{value='62a33f3caf97d11f1e20403e', description='null'}-cluster0-shard-00-02.99s2u.mongodb.net:27017] Discovered replica set primary cluster0-shard-00-02.99s2u.mongodb.net:27017
2022-06-10 14:55:28,095 WARN org.springframework.boot.autoconfigure.security.servlet.UserDetailsServiceAutoConfiguration [main] 

Using generated security password: 5a76cc75-6387-4ed7-a0ac-d7d7b0b58d7b

This generated password is for development use only. Your security configuration must be updated before running your application in production.

2022-06-10 14:55:28,346 INFO org.springframework.security.web.DefaultSecurityFilterChain [main] Will secure any request with [org.springframework.security.web.context.request.async.WebAsyncManagerIntegrationFilter@7abeabe9, org.springframework.security.web.context.SecurityContextPersistenceFilter@5db3d57c, org.springframework.security.web.header.HeaderWriterFilter@646cd766, org.springframework.security.web.authentication.logout.LogoutFilter@25791d40, linkedin.profileservice.config.JwtRequestFilter@79f90a3a, org.springframework.security.web.savedrequest.RequestCacheAwareFilter@74ba6ff5, org.springframework.security.web.servletapi.SecurityContextHolderAwareRequestFilter@26e0d39c, org.springframework.security.web.authentication.AnonymousAuthenticationFilter@5a05dd30, org.springframework.security.web.session.SessionManagementFilter@764a3e5d, org.springframework.security.web.access.ExceptionTranslationFilter@3a296107]
2022-06-10 14:55:29,818 INFO org.apache.juli.logging.DirectJDKLog [main] Starting ProtocolHandler ["http-nio-8140"]
2022-06-10 14:55:29,861 INFO org.springframework.boot.web.embedded.tomcat.TomcatWebServer [main] Tomcat started on port(s): 8140 (http) with context path ''
2022-06-10 14:57:51,374 INFO org.apache.juli.logging.DirectJDKLog [http-nio-8140-exec-2] Initializing Spring DispatcherServlet 'dispatcherServlet'
2022-06-10 14:57:51,375 INFO org.springframework.web.servlet.FrameworkServlet [http-nio-8140-exec-2] Initializing Servlet 'dispatcherServlet'
2022-06-10 14:57:51,379 INFO org.springframework.web.servlet.FrameworkServlet [http-nio-8140-exec-2] Completed initialization in 3 ms
2022-06-10 14:57:52,309 INFO com.mongodb.diagnostics.logging.SLF4JLogger [http-nio-8140-exec-3] Opened connection [connectionId{localValue:7, serverValue:420857}] to cluster0-shard-00-02.99s2u.mongodb.net:27017
2022-06-11 10:21:57,595 INFO org.springframework.data.repository.config.RepositoryConfigurationDelegate [main] Multiple Spring Data modules found, entering strict repository configuration mode!
2022-06-11 10:21:57,599 INFO org.springframework.data.repository.config.RepositoryConfigurationDelegate [main] Bootstrapping Spring Data MongoDB repositories in DEFAULT mode.
2022-06-11 10:21:58,296 INFO org.springframework.data.repository.config.RepositoryConfigurationDelegate [main] Finished Spring Data repository scanning in 686 ms. Found 3 MongoDB repository interfaces.
2022-06-11 10:22:05,142 INFO org.springframework.boot.web.embedded.tomcat.TomcatWebServer [main] Tomcat initialized with port(s): 8180 (http)
2022-06-11 10:22:05,271 INFO org.apache.juli.logging.DirectJDKLog [main] Initializing ProtocolHandler ["http-nio-8180"]
2022-06-11 10:22:05,272 INFO org.apache.juli.logging.DirectJDKLog [main] Starting service [Tomcat]
2022-06-11 10:22:05,273 INFO org.apache.juli.logging.DirectJDKLog [main] Starting Servlet engine: [Apache Tomcat/9.0.62]
2022-06-11 10:22:06,062 INFO org.apache.juli.logging.DirectJDKLog [main] Initializing Spring embedded WebApplicationContext
2022-06-11 10:22:06,063 INFO org.springframework.boot.web.servlet.context.ServletWebServerApplicationContext [main] Root WebApplicationContext: initialization completed in 12794 ms
2022-06-11 10:22:08,432 INFO com.mongodb.diagnostics.logging.SLF4JLogger [main] Cluster created with settings {hosts=[cluster0-shard-00-00.99s2u.mongodb.net:27017, cluster0-shard-00-01.99s2u.mongodb.net:27017, cluster0-shard-00-02.99s2u.mongodb.net:27017], mode=MULTIPLE, requiredClusterType=REPLICA_SET, serverSelectionTimeout='30000 ms', requiredReplicaSetName='atlas-hq9yf6-shard-0'}
2022-06-11 10:22:08,436 INFO com.mongodb.diagnostics.logging.SLF4JLogger [main] Adding discovered server cluster0-shard-00-00.99s2u.mongodb.net:27017 to client view of cluster
2022-06-11 10:22:08,581 INFO com.mongodb.diagnostics.logging.SLF4JLogger [main] Adding discovered server cluster0-shard-00-01.99s2u.mongodb.net:27017 to client view of cluster
2022-06-11 10:22:08,584 INFO com.mongodb.diagnostics.logging.SLF4JLogger [main] Adding discovered server cluster0-shard-00-02.99s2u.mongodb.net:27017 to client view of cluster
2022-06-11 10:22:09,348 WARN org.springframework.data.convert.CustomConversions [main] Registering converter from class java.time.LocalDateTime to class org.joda.time.LocalDateTime as reading converter although it doesn't convert from a store-supported type! You might want to check your annotation setup at the converter implementation.
2022-06-11 10:22:11,008 INFO com.mongodb.diagnostics.logging.SLF4JLogger [cluster-ClusterId{value='62a450b0853b574bc8119a4e', description='null'}-cluster0-shard-00-01.99s2u.mongodb.net:27017] Opened connection [connectionId{localValue:3, serverValue:80440}] to cluster0-shard-00-01.99s2u.mongodb.net:27017
2022-06-11 10:22:11,008 INFO com.mongodb.diagnostics.logging.SLF4JLogger [cluster-ClusterId{value='62a450b0853b574bc8119a4e', description='null'}-cluster0-shard-00-02.99s2u.mongodb.net:27017] Opened connection [connectionId{localValue:6, serverValue:79015}] to cluster0-shard-00-02.99s2u.mongodb.net:27017
2022-06-11 10:22:11,011 INFO com.mongodb.diagnostics.logging.SLF4JLogger [cluster-ClusterId{value='62a450b0853b574bc8119a4e', description='null'}-cluster0-shard-00-02.99s2u.mongodb.net:27017] Monitor thread successfully connected to server with description ServerDescription{address=cluster0-shard-00-02.99s2u.mongodb.net:27017, type=REPLICA_SET_SECONDARY, state=CONNECTED, ok=true, minWireVersion=0, maxWireVersion=13, maxDocumentSize=16777216, logicalSessionTimeoutMinutes=30, roundTripTimeNanos=1216605599, setName='atlas-hq9yf6-shard-0', canonicalAddress=cluster0-shard-00-02.99s2u.mongodb.net:27017, hosts=[cluster0-shard-00-02.99s2u.mongodb.net:27017, cluster0-shard-00-01.99s2u.mongodb.net:27017, cluster0-shard-00-00.99s2u.mongodb.net:27017], passives=[], arbiters=[], primary='cluster0-shard-00-01.99s2u.mongodb.net:27017', tagSet=TagSet{[Tag{name='nodeType', value='ELECTABLE'}, Tag{name='provider', value='AWS'}, Tag{name='region', value='EU_CENTRAL_1'}, Tag{name='workloadType', value='OPERATIONAL'}]}, electionId=null, setVersion=7, topologyVersion=TopologyVersion{processId=62a3ac33c3a144260a1d19b1, counter=3}, lastWriteDate=Sat Jun 11 10:22:10 CEST 2022, lastUpdateTimeNanos=531152705313900}
2022-06-11 10:22:11,014 INFO com.mongodb.diagnostics.logging.SLF4JLogger [cluster-ClusterId{value='62a450b0853b574bc8119a4e', description='null'}-cluster0-shard-00-01.99s2u.mongodb.net:27017] Monitor thread successfully connected to server with description ServerDescription{address=cluster0-shard-00-01.99s2u.mongodb.net:27017, type=REPLICA_SET_PRIMARY, state=CONNECTED, ok=true, minWireVersion=0, maxWireVersion=13, maxDocumentSize=16777216, logicalSessionTimeoutMinutes=30, roundTripTimeNanos=1216623000, setName='atlas-hq9yf6-shard-0', canonicalAddress=cluster0-shard-00-01.99s2u.mongodb.net:27017, hosts=[cluster0-shard-00-02.99s2u.mongodb.net:27017, cluster0-shard-00-01.99s2u.mongodb.net:27017, cluster0-shard-00-00.99s2u.mongodb.net:27017], passives=[], arbiters=[], primary='cluster0-shard-00-01.99s2u.mongodb.net:27017', tagSet=TagSet{[Tag{name='nodeType', value='ELECTABLE'}, Tag{name='provider', value='AWS'}, Tag{name='region', value='EU_CENTRAL_1'}, Tag{name='workloadType', value='OPERATIONAL'}]}, electionId=7fffffff00000000000000b4, setVersion=7, topologyVersion=TopologyVersion{processId=62a3aacb40b76619d2d3aeb6, counter=6}, lastWriteDate=Sat Jun 11 10:22:10 CEST 2022, lastUpdateTimeNanos=531152705955400}
2022-06-11 10:22:11,008 INFO com.mongodb.diagnostics.logging.SLF4JLogger [cluster-rtt-ClusterId{value='62a450b0853b574bc8119a4e', description='null'}-cluster0-shard-00-02.99s2u.mongodb.net:27017] Opened connection [connectionId{localValue:5, serverValue:79015}] to cluster0-shard-00-02.99s2u.mongodb.net:27017
2022-06-11 10:22:11,008 INFO com.mongodb.diagnostics.logging.SLF4JLogger [cluster-rtt-ClusterId{value='62a450b0853b574bc8119a4e', description='null'}-cluster0-shard-00-00.99s2u.mongodb.net:27017] Opened connection [connectionId{localValue:2, serverValue:80773}] to cluster0-shard-00-00.99s2u.mongodb.net:27017
2022-06-11 10:22:11,009 INFO com.mongodb.diagnostics.logging.SLF4JLogger [cluster-ClusterId{value='62a450b0853b574bc8119a4e', description='null'}-cluster0-shard-00-00.99s2u.mongodb.net:27017] Opened connection [connectionId{localValue:1, serverValue:80773}] to cluster0-shard-00-00.99s2u.mongodb.net:27017
2022-06-11 10:22:11,017 INFO com.mongodb.diagnostics.logging.SLF4JLogger [cluster-ClusterId{value='62a450b0853b574bc8119a4e', description='null'}-cluster0-shard-00-00.99s2u.mongodb.net:27017] Monitor thread successfully connected to server with description ServerDescription{address=cluster0-shard-00-00.99s2u.mongodb.net:27017, type=REPLICA_SET_SECONDARY, state=CONNECTED, ok=true, minWireVersion=0, maxWireVersion=13, maxDocumentSize=16777216, logicalSessionTimeoutMinutes=30, roundTripTimeNanos=1215341700, setName='atlas-hq9yf6-shard-0', canonicalAddress=cluster0-shard-00-00.99s2u.mongodb.net:27017, hosts=[cluster0-shard-00-02.99s2u.mongodb.net:27017, cluster0-shard-00-01.99s2u.mongodb.net:27017, cluster0-shard-00-00.99s2u.mongodb.net:27017], passives=[], arbiters=[], primary='cluster0-shard-00-01.99s2u.mongodb.net:27017', tagSet=TagSet{[Tag{name='nodeType', value='ELECTABLE'}, Tag{name='provider', value='AWS'}, Tag{name='region', value='EU_CENTRAL_1'}, Tag{name='workloadType', value='OPERATIONAL'}]}, electionId=null, setVersion=7, topologyVersion=TopologyVersion{processId=62a3a98b815352efe63ff5f4, counter=4}, lastWriteDate=Sat Jun 11 10:22:10 CEST 2022, lastUpdateTimeNanos=531152705551399}
2022-06-11 10:22:11,094 INFO com.mongodb.diagnostics.logging.SLF4JLogger [cluster-rtt-ClusterId{value='62a450b0853b574bc8119a4e', description='null'}-cluster0-shard-00-01.99s2u.mongodb.net:27017] Opened connection [connectionId{localValue:4, serverValue:80420}] to cluster0-shard-00-01.99s2u.mongodb.net:27017
2022-06-11 10:22:11,019 INFO com.mongodb.diagnostics.logging.SLF4JLogger [cluster-ClusterId{value='62a450b0853b574bc8119a4e', description='null'}-cluster0-shard-00-01.99s2u.mongodb.net:27017] Setting max election id to 7fffffff00000000000000b4 from replica set primary cluster0-shard-00-01.99s2u.mongodb.net:27017
2022-06-11 10:22:11,120 INFO com.mongodb.diagnostics.logging.SLF4JLogger [cluster-ClusterId{value='62a450b0853b574bc8119a4e', description='null'}-cluster0-shard-00-01.99s2u.mongodb.net:27017] Setting max set version to 7 from replica set primary cluster0-shard-00-01.99s2u.mongodb.net:27017
2022-06-11 10:22:11,120 INFO com.mongodb.diagnostics.logging.SLF4JLogger [cluster-ClusterId{value='62a450b0853b574bc8119a4e', description='null'}-cluster0-shard-00-01.99s2u.mongodb.net:27017] Discovered replica set primary cluster0-shard-00-01.99s2u.mongodb.net:27017
2022-06-11 10:22:11,125 WARN org.springframework.data.convert.CustomConversions [main] Registering converter from class java.time.LocalDateTime to class org.joda.time.LocalDateTime as reading converter although it doesn't convert from a store-supported type! You might want to check your annotation setup at the converter implementation.
2022-06-11 10:22:14,680 WARN org.springframework.boot.autoconfigure.security.servlet.UserDetailsServiceAutoConfiguration [main] 

Using generated security password: 8a977818-8798-4e31-837d-0db4e6f4b502

This generated password is for development use only. Your security configuration must be updated before running your application in production.

2022-06-11 10:22:15,494 INFO org.springframework.security.web.DefaultSecurityFilterChain [main] Will secure any request with [org.springframework.security.web.context.request.async.WebAsyncManagerIntegrationFilter@2513155a, org.springframework.security.web.context.SecurityContextPersistenceFilter@12f51a65, org.springframework.security.web.header.HeaderWriterFilter@6249a08d, org.springframework.security.web.authentication.logout.LogoutFilter@2e204155, org.springframework.security.web.savedrequest.RequestCacheAwareFilter@3f0c6b3c, org.springframework.security.web.servletapi.SecurityContextHolderAwareRequestFilter@27502e5c, org.springframework.security.web.authentication.AnonymousAuthenticationFilter@6313b441, org.springframework.security.web.session.SessionManagementFilter@68a426c3, org.springframework.security.web.access.ExceptionTranslationFilter@1cc708a7]
2022-06-11 10:22:16,986 INFO org.apache.juli.logging.DirectJDKLog [main] Starting ProtocolHandler ["http-nio-8180"]
2022-06-11 10:22:17,364 INFO org.springframework.boot.web.embedded.tomcat.TomcatWebServer [main] Tomcat started on port(s): 8180 (http) with context path ''
2022-06-11 10:26:07,210 INFO org.apache.juli.logging.DirectJDKLog [http-nio-8180-exec-1] Initializing Spring DispatcherServlet 'dispatcherServlet'
2022-06-11 10:26:07,211 INFO org.springframework.web.servlet.FrameworkServlet [http-nio-8180-exec-1] Initializing Servlet 'dispatcherServlet'
2022-06-11 10:26:07,215 INFO org.springframework.web.servlet.FrameworkServlet [http-nio-8180-exec-1] Completed initialization in 3 ms
2022-06-11 10:26:08,421 INFO com.mongodb.diagnostics.logging.SLF4JLogger [http-nio-8180-exec-2] Opened connection [connectionId{localValue:7, serverValue:80939}] to cluster0-shard-00-01.99s2u.mongodb.net:27017
